/*
PREFACE:  
Copyright 2010 Beth Randall
Date:  Fri Jan 14 13:27:46 CET 2022

command file:     verblex_perfect.q
output file:      verblex_perfect.out

Lexicon:  
*/

/*  ~A~  */
a-go 1: [1 VBN] 
a-gult 1: [1 VBN] 
a-poyntyd 1: [1 VBN] 
a-restyd 1: [1 VBN] 
a-risen 1: [1 VBN] 
a-shamed 1: [1 VBN] 
a-steynt 1: [1 VBN] 
abeden 1: [1 VBN] 
abedyn 2: [2 VBN] 
abide 2: [2 VBN] 
aboht 1: [1 VBN] 
absteynd 1: [1 VBN] 
abyden 1: [1 VBN] 
abydyn 1: [1 VBN] 
accused 2: [2 VBN] 
accuset 1: [1 VBN] 
accusyd 1: [1 VBN] 
acomen 1: [1 VBN] 
acursed 1: [1 VBN] 
acurset 1: [1 VBN] 
acused 2: [2 VBN] 
addledd 2: [2 VBN] 
adreint 1: [1 VBN] 
afalle 1: [1 VBN] 
afendyt 1: [1 VBN] 
agan 1: [1 VBN] 
agast 1: [1 VBN] 
agelt 1: [1 VBN] 
agilt 12: [12 VBN] 
agoo 4: [4 VBN] 
agray+ted 1: [1 VBN] 
agult 1: [1 VBN] 
agunnen 1: [1 VBN] 
agylt 1: [1 VBN] 
akest 1: [1 VBN] 
ali+gt 1: [1 VBN] 
aly+gt 1: [1 VBN] 
alyght 1: [1 VBN] 
ambreued 1: [1 VBN] 
amended 2: [2 VBN] 
amendid 4: [4 VBN] 
anientissed 1: [1 VBN] 
answered 2: [2 VBN] 
answeryd 1: [1 VBN] 
aparailed 1: [1 VBN] 
apechet 1: [1 VBN] 
apeyred 1: [1 VBN] 
approved 2: [2 VBN] 
apropred 1: [1 VBN] 
ar+ared 1: [1 VBN] 
areared 1: [1 VBN] 
areisid 1: [1 VBN] 
arered 1: [1 VBN] 
arerede 1: [1 VBN] 
arestyd 2: [2 VBN] 
arise 1: [1 VBN] 
arisen 5: [5 VBN] 
arryued 1: [1 VBN] 
arryuede 7: [7 VBN] 
arud 1: [1 VBN] 
aryse 1: [1 VBN] 
arysen 1: [1 VBN] 
ascaped 2: [2 VBN] 
ascendet 1: [1 VBN] 
aschaped 1: [1 VBN] 
asked 2: [2 VBN] 
askid 1: [1 VBN] 
askyd 1: [1 VBN] 
asoyld 1: [1 VBN] 
aspied 1: [1 VBN] 
aspyed 7: [7 VBN] 
assaied 1: [1 VBN] 
assaiede 1: [1 VBN] 
assailled 1: [1 VBN] 
assayde 3: [3 VBN] 
assayed 7: [7 VBN] 
assembled 1: [1 VBN] 
assemblede 2: [2 VBN] 
assemblid 1: [1 VBN] 
assentyd 1: [1 VBN] 
assentyt 1: [1 VBN] 
assigned 1: [1 VBN] 
assoilede 1: [1 VBN] 
asygnyd 1: [1 VBN] 
atleien 2: [2 VBN] 
atlein 1: [1 VBN] 
aturned 1: [1 VBN] 
auancede 1: [1 VBN] 
auulsed 1: [1 VBN] 
avaunced 1: [1 VBN] 
avowed 1: [1 VBN] 
avowet 1: [1 VBN] 
awackned 1: [1 VBN] 
awarpen 2: [2 VBN] 
aweld 1: [1 VBN] 
awwnedd 2: [2 VBN] 
axed 1: [1 VBN] 
axede 1: [1 VBN] 
axid 2: [2 VBN] 
/*  ~B~  */
bannyd 2: [2 VBN] 
baptisede 2: [2 VBN] 
bawmed 1: [1 VBN] 
be+to+gt 1: [1 VBN] 
be-com 3: [3 VBN] 
be-come 1: [1 VBN] 
be-falle 1: [1 VBN] 
be-haldyn 1: [1 VBN] 
be-hestyd 1: [1 VBN] 
be-hygth 1: [1 VBN] 
be-hyte 2: [2 VBN] 
be-kome 1: [1 VBN] 
be-smiten 1: [1 VBN] 
be-trayde 1: [1 VBN] 
beboden 2: [2 VBN] 
bebyri+ged 1: [1 VBN] 
beclept 1: [1 VBN] 
becom 3: [3 VBN] 
become 1: [1 VBN] 
becomen 1: [1 VBN] 
beden 2: [2 VBN] 
bedenn 2: [2 VBN] 
bedon 1: [1 VBN] 
bedyn 1: [1 VBN] 
befallen 1: [1 VBN] 
befallyn 1: [1 VBN] 
beflogen 1: [1 VBN] 
begete 1: [1 VBN] 
beggyd 1: [1 VBN] 
begon 3: [3 VBN] 
begonn 1: [1 VBN] 
begonne 1: [1 VBN] 
begonnen 1: [1 VBN] 
begoten 1: [1 VBN] 
begune 1: [1 VBN] 
begunnon 1: [1 VBN] 
begyld 1: [1 VBN] 
begyled 2: [2 VBN] 
behaten 2: [2 VBN] 
behestyd 5: [5 VBN] 
behet 1: [1 VBN] 
behite 3: [3 VBN] 
beholden 2: [2 VBN] 
behote 5: [5 VBN] 
behoten 2: [2 VBN] 
behyght 2: [2 VBN] 
behyte 1: [1 VBN] 
beieten 1: [1 VBN] 
beleued 1: [1 VBN] 
$ben 1: [1 VBN] 
benomme 2: [2 VBN] 
beoldedd 1: [1 VBN] 
ber 1: [1 VBN] 
berauffte 1: [1 VBN] 
berid 1: [1 VBN] 
besoght 1: [1 VBN] 
beswiken 6: [6 VBN] 
beswonken 1: [1 VBN] 
bet 9: [9 VBN] 
betaht 1: [1 VBN] 
beteald 1: [1 VBN] 
beteht 1: [1 VBN] 
beten 1: [1 VBN] 
bethought 1: [1 VBN] 
betrayde 2: [2 VBN] 
betrayed 4: [4 VBN] 
bette 1: [1 VBN] 
betten 1: [1 VBN] 
beuolen 3: [3 VBN] 
bewedded 1: [1 VBN] 
bi+geten 6: [6 VBN] 
bi-+geten 1: [1 VBN] 
bi-haten 1: [1 VBN] 
bi-so+gt 1: [1 VBN] 
bichearret 1: [1 VBN] 
bicumen 2: [2 VBN] 
bifallen 1: [1 VBN] 
bifolen 1: [1 VBN] 
bifongen 1: [1 VBN] 
bigete 2: [2 VBN] 
bigeten 5: [5 VBN] 
bigged 1: [1 VBN] 
biggid 1: [1 VBN] 
bigilede 2: [2 VBN] 
bigonne 6: [6 VBN] 
bigonnen 2: [2 VBN] 
$bigunne bigunne 3: [3 VBN] 
bigunnen 10: [10 VBN] 
bigunnenn Bigunnenn 2: [2 VBN] 
bihalden 1: [1 VBN] 
bihaten $bihaten 8: [8 VBN] 
bihelden 1: [1 VBN] 
bihight 1: [1 VBN] 
biholde 1: [1 VBN] 
bihoten 1: [1 VBN] 
bileaued $bileaued 2: [2 VBN] 
bileued 3: [3 VBN] 
bilummpenn 1: [1 VBN] 
bimurnen 1: [1 VBN] 
binumen 2: [2 VBN] 
biraft 1: [1 VBN] 
bireued 1: [1 VBN] 
bireused 1: [1 VBN] 
biryed 1: [1 VBN] 
biseged 1: [1 VBN] 
bisegede 4: [4 VBN] 
biset 3: [3 VBN] 
bisocht 1: [1 VBN] 
bitaht 1: [1 VBN] 
bitaken 1: [1 VBN] 
biteuelit 1: [1 VBN] 
bitoch+gen 1: [1 VBN] 
bitraiede 2: [2 VBN] 
bitrummet 1: [1 VBN] 
biwreyed 1: [1 VBN] 
blakyd 1: [1 VBN] 
bled 1: [1 VBN] 
blessid 1: [1 VBN] 
blessyd 1: [1 VBN] 
blisced 1: [1 VBN] 
blissed 1: [1 VBN] 
blowen 1: [1 VBN] 
blowyn 1: [1 VBN] 
blyndid 1: [1 VBN] 
bo+gt 1: [1 VBN] 
boden 2: [2 VBN] 
boght 3: [3 VBN] 
boghte 2: [2 VBN] 
boht 1: [1 VBN] 
bond 1: [1 VBN] 
bonedd 2: [2 VBN] 
bore 2: [2 VBN] 
born 10: [10 VBN] 
borne 3: [3 VBN] 
borun 1: [1 VBN] 
borwyd 2: [2 VBN] 
boryn 1: [1 VBN] 
bou+gt 1: [1 VBN] 
bought 1: [1 VBN] 
bouht 1: [1 VBN] 
bounde 1: [1 VBN] 
bounden 1: [1 VBN] 
boute 1: [1 VBN] 
bowede 1: [1 VBN] 
bowht 1: [1 VBN] 
bowndyn 1: [1 VBN] 
bowt 3: [3 VBN] 
bowte 1: [1 VBN] 
brent 5: [5 VBN] 
brente 1: [1 VBN] 
broght 4: [4 VBN] 
brohht Brohht 2: [2 VBN] 
broht 3: [3 VBN] 
broke 3: [3 VBN] 
broken 3: [3 VBN] 
brokin 1: [1 VBN] 
brokyn 4: [4 VBN] 
brostyn 2: [2 VBN] 
brou+gt 11: [11 VBN] 
brought 11: [11 VBN] 
broughte 2: [2 VBN] 
brout 1: [1 VBN] 
broute 1: [1 VBN] 
browt 8: [8 VBN] 
browte 1: [1 VBN] 
bund 1: [1 VBN] 
bune 1: [1 VBN] 
buregen 1: [1 VBN] 
buryde 1: [1 VBN] 
buryet 2: [2 VBN] 
bycome 2: [2 VBN] 
byddyn 1: [1 VBN] 
byfalle 3: [3 VBN] 
byfallen 1: [1 VBN] 
bygan 1: [1 VBN] 
bygete 1: [1 VBN] 
bygonne 1: [1 VBN] 
bygonnen 1: [1 VBN] 
byholden 1: [1 VBN] 
byhote 2: [2 VBN] 
byhyght 1: [1 VBN] 
bylayn 2: [2 VBN] 
bylded 1: [1 VBN] 
byldyd 1: [1 VBN] 
bynome 1: [1 VBN] 
bysyede 1: [1 VBN] 
byten 3: [3 VBN] 
bythought 1: [1 VBN] 
/*  ~C~  */
caght 1: [1 VBN] 
calde 1: [1 VBN] 
called 1: [1 VBN] 
callede 1: [1 VBN] 
cam 1: [1 VBN] 
cast 6: [6 VBN] 
caste 4: [4 VBN] 
casten 1: [1 VBN] 
caught 1: [1 VBN] 
caused 3: [3 VBN] 
causyd 3: [3 VBN] 
caute 1: [1 VBN] 
cawsyd 2: [2 VBN] 
ceessid 2: [2 VBN] 
chaced 1: [1 VBN] 
changyd 1: [1 VBN] 
chargyd 2: [2 VBN] 
chased 1: [1 VBN] 
chassed 1: [1 VBN] 
chastised 1: [1 VBN] 
chastysed 2: [2 VBN] 
chaunged 1: [1 VBN] 
chedyn 1: [1 VBN] 
cheryd 1: [1 VBN] 
childed 1: [1 VBN] 
chose 7: [7 VBN] 
chosen 8: [8 VBN] 
choson 1: [1 VBN] 
clensed 1: [1 VBN] 
cleped 9: [9 VBN] 
clepid 5: [5 VBN] 
clypped 1: [1 VBN] 
com 29: [29 VBN] 
com-mandede 1: [1 VBN] 
comaunded 2: [2 VBN] 
comaundid 3: [3 VBN] 
comawndyd 2: [2 VBN] 
come 58: [58 VBN] 
comen 89: [89 VBN] 
comensid 1: [1 VBN] 
comfortyd 1: [1 VBN] 
commanded 1: [1 VBN] 
commandede 1: [1 VBN] 
commen 4: [4 VBN] 
commyn 1: [1 VBN] 
comon 1: [1 VBN] 
companyed 1: [1 VBN] 
compased 1: [1 VBN] 
compassede 1: [1 VBN] 
complayned 1: [1 VBN] 
complet 1: [1 VBN] 
comprehended 1: [1 VBN] 
comprehendid 2: [2 VBN] 
comun 7: [7 VBN] 
comyn 23: [23 VBN] 
con-querede 1: [1 VBN] 
conceyued 3: [3 VBN] 
conceyuet 1: [1 VBN] 
conceyved 2: [2 VBN] 
concluded 4: [4 VBN] 
condempned 1: [1 VBN] 
confermed 2: [2 VBN] 
confermyd 1: [1 VBN] 
conforted 1: [1 VBN] 
confortyd 1: [1 VBN] 
confounded 1: [1 VBN] 
conjoured 1: [1 VBN] 
conjoyned 1: [1 VBN] 
conquered 3: [3 VBN] 
conquerede 7: [7 VBN] 
conqueryd 1: [1 VBN] 
conseilled 1: [1 VBN] 
conselyd 2: [2 VBN] 
consented 2: [2 VBN] 
consentede 1: [1 VBN] 
consentyd 1: [1 VBN] 
conseyued 1: [1 VBN] 
conspired 3: [3 VBN] 
conspirid 2: [2 VBN] 
conspyrid 1: [1 VBN] 
consumed 1: [1 VBN] 
continued 1: [1 VBN] 
contynowed 1: [1 VBN] 
contynued 1: [1 VBN] 
copijd 1: [1 VBN] 
corrupt 1: [1 VBN] 
cosen 1: [1 VBN] 
couaited 1: [1 VBN] 
couered 1: [1 VBN] 
couetid 1: [1 VBN] 
coueyted 1: [1 VBN] 
coupled 1: [1 VBN] 
cownseld 1: [1 VBN] 
creat 2: [2 VBN] 
cried 1: [1 VBN] 
cropyn 1: [1 VBN] 
crouned 1: [1 VBN] 
crowned 2: [2 VBN] 
crucyfyed 1: [1 VBN] 
cruschet 1: [1 VBN] 
cryed 1: [1 VBN] 
cumen 9: [9 VBN] 
cumene 1: [1 VBN] 
cumenn 39: [39 VBN] 
cumpassid 1: [1 VBN] 
cured 1: [1 VBN] 
cursed 1: [1 VBN] 
cursid 1: [1 VBN] 
curyd 1: [1 VBN] 
cwemmd 1: [1 VBN] 
cwiddedd 3: [3 VBN] 
/*  ~D~  */
d+aledd 1: [1 VBN] 
dalyed 1: [1 VBN] 
dampned 2: [2 VBN] 
de-fouled 1: [1 VBN] 
deceyved 2: [2 VBN] 
declared 2: [2 VBN] 
declarid 2: [2 VBN] 
decresed 1: [1 VBN] 
deemed 1: [1 VBN] 
defended 2: [2 VBN] 
defendede 1: [1 VBN] 
defouled 4: [4 VBN] 
defowled 1: [1 VBN] 
defoyled 1: [1 VBN] 
defyed 1: [1 VBN] 
delayed 1: [1 VBN] 
deled 1: [1 VBN] 
delivered 1: [1 VBN] 
delyuerde 2: [2 VBN] 
delyuered 4: [4 VBN] 
delyuerede 1: [1 VBN] 
delyverde 2: [2 VBN] 
delyvered 1: [1 VBN] 
departed 8: [8 VBN] 
departede 3: [3 VBN] 
departid 1: [1 VBN] 
departyd 2: [2 VBN] 
depeint 1: [1 VBN] 
deposed 2: [2 VBN] 
descended 1: [1 VBN] 
desceyuede 3: [3 VBN] 
descomfitede 1: [1 VBN] 
descriued 1: [1 VBN] 
deserued 3: [3 VBN] 
deseruede 2: [2 VBN] 
deseruid 1: [1 VBN] 
deseruyd $deseruyd 6: [6 VBN] 
deserved 4: [4 VBN] 
deservede 1: [1 VBN] 
deservyd 1: [1 VBN] 
desesyd 1: [1 VBN] 
desired Desired 4: [4 VBN] 
desirede 1: [1 VBN] 
despended 2: [2 VBN] 
despendede 1: [1 VBN] 
despised 2: [2 VBN] 
despisyd 1: [1 VBN] 
despysed 1: [1 VBN] 
desservid 2: [2 VBN] 
desseyuede 1: [1 VBN] 
destriued 1: [1 VBN] 
destroiede 2: [2 VBN] 
destroyed 12: [12 VBN] 
destroyede 1: [1 VBN] 
destruyede 1: [1 VBN] 
destryed 1: [1 VBN] 
desyred 2: [2 VBN] 
desyrede 1: [1 VBN] 
desyryd 1: [1 VBN] 
determined 1: [1 VBN] 
deuisid 1: [1 VBN] 
deuoured 2: [2 VBN] 
devised 2: [2 VBN] 
devoured 1: [1 VBN] 
devysed 1: [1 VBN] 
deyd 5: [5 VBN] 
deyid 1: [1 VBN] 
deyuered 1: [1 VBN] 
dilyuered 1: [1 VBN] 
disclaundred 1: [1 VBN] 
discolurd 1: [1 VBN] 
discomfite 1: [1 VBN] 
discriued 1: [1 VBN] 
diserued 1: [1 VBN] 
diseruede 1: [1 VBN] 
disheryte 1: [1 VBN] 
dismembryd 1: [1 VBN] 
dispendet 1: [1 VBN] 
dispendid 1: [1 VBN] 
dispensyd 1: [1 VBN] 
dispised 2: [2 VBN] 
dispisid 1: [1 VBN] 
displeased 1: [1 VBN] 
displesyd 1: [1 VBN] 
disponyd 1: [1 VBN] 
disposed 1: [1 VBN] 
disserued 4: [4 VBN] 
disserved 4: [4 VBN] 
disservid 1: [1 VBN] 
disseryud 1: [1 VBN] 
dissesede 1: [1 VBN] 
distressid 1: [1 VBN] 
distroied 1: [1 VBN] 
distroublid 1: [1 VBN] 
distroyed 3: [3 VBN] 
distroyede 1: [1 VBN] 
distruied 1: [1 VBN] 
distryed 1: [1 VBN] 
distynktet 1: [1 VBN] 
do 56: [56 DON] 
don 147: [147 DON] 
done 112: [112 DON] 
donne 4: [4 DON] 
doo 5: [5 DON] 
doon 39: [39 DON] 
drawen 6: [6 VBN] 
drawyn 4: [4 VBN] 
dre+gen 1: [1 VBN] 
dressid 1: [1 VBN] 
dreuyn 1: [1 VBN] 
drif 1: [1 VBN] 
drokyn 1: [1 VBN] 
drongken 2: [2 VBN] 
dronke 3: [3 VBN] 
dronken 2: [2 VBN] 
dronkyn 1: [1 VBN] 
droppid 1: [1 VBN] 
drowned 1: [1 VBN] 
drunkyn 1: [1 VBN] 
dryuen 6: [6 VBN] 
dryuyn 1: [1 VBN] 
dryven 1: [1 VBN] 
duellede 6: [6 VBN] 
duellyde 1: [1 VBN] 
dured 1: [1 VBN] 
dwelled 3: [3 VBN] 
dwelledd 1: [1 VBN] 
dwellyd 1: [1 VBN] 
dyed 4: [4 VBN] 
dyede 3: [3 VBN] 
dyffinysshed 1: [1 VBN] 
dynyd 1: [1 VBN] 
dyskeuered 1: [1 VBN] 
dyspende 1: [1 VBN] 
dysplesyd 3: [3 VBN] 
dyspysed 1: [1 VBN] 
dysseruede 1: [1 VBN] 
dystroyede 1: [1 VBN] 
dystryte 1: [1 VBN] 
dyvydyd 1: [1 VBN] 
/*  ~E~  */
edbroke 1: [1 VBN] 
edbroken 1: [1 VBN] 
edfallen 1: [1 VBN] 
edflo+ge 1: [1 VBN] 
edholden 1: [1 VBN] 
edified 1: [1 VBN] 
edstart 1: [1 VBN] 
edstonden 1: [1 VBN] 
eetun 1: [1 VBN] 
en-cumpassed 1: [1 VBN] 
en-he+ged 1: [1 VBN] 
en-ioynede 1: [1 VBN] 
enchacede 1: [1 VBN] 
encheved 1: [1 VBN] 
enchewyd 1: [1 VBN] 
enclosed 1: [1 VBN] 
enclyned 2: [2 VBN] 
encountird 1: [1 VBN] 
ended 3: [3 VBN] 
enden 1: [1 VBN] 
endid 1: [1 VBN] 
endured 2: [2 VBN] 
enduryd 1: [1 VBN] 
endyd 1: [1 VBN] 
endyde 1: [1 VBN] 
enpoisenede 1: [1 VBN] 
enprisound 1: [1 VBN] 
enquered 1: [1 VBN] 
enspired 3: [3 VBN] 
entered 5: [5 VBN] 
entflawmed 1: [1 VBN] 
entirde 1: [1 VBN] 
entred 11: [11 VBN] 
entrede 1: [1 VBN] 
entrid 4: [4 VBN] 
envyround 1: [1 VBN] 
erende 1: [1 VBN] 
ernde 1: [1 VBN] 
erred 10: [10 VBN] 
errid 1: [1 VBN] 
errut 1: [1 VBN] 
escaped 2: [2 VBN] 
espied 1: [1 VBN] 
espyed 1: [1 VBN] 
establissched 1: [1 VBN] 
ete 9: [9 VBN] 
eten 10: [10 VBN] 
ethalden 1: [1 VBN] 
etin 2: [2 VBN] 
eton 2: [2 VBN] 
etun 2: [2 VBN] 
etyn 8: [8 VBN] 
exaltyd 1: [1 VBN] 
examynd 3: [3 VBN] 
examyned 5: [5 VBN] 
exciled 1: [1 VBN] 
excited 1: [1 VBN] 
excused 1: [1 VBN] 
excusyd 2: [2 VBN] 
exiled 1: [1 VBN] 
expounid 1: [1 VBN] 
eyttyn 1: [1 VBN] 
/*  ~F~  */
failed 1: [1 VBN] 
fall 1: [1 VBN] 
falle 10: [10 VBN] 
fallen 17: [17 VBN] 
fallyn 7: [7 VBN] 
faren 1: [1 VBN] 
fast 2: [2 VBN] 
faste 1: [1 VBN] 
fasted 1: [1 VBN] 
fastyd 1: [1 VBN] 
fayled 4: [4 VBN] 
faylede 1: [1 VBN] 
fed 4: [4 VBN] 
feffede 1: [1 VBN] 
felde 1: [1 VBN] 
feled 3: [3 VBN] 
fellyd 1: [1 VBN] 
felt 3: [3 VBN] 
felyd 1: [1 VBN] 
felyde 1: [1 VBN] 
ferd 1: [1 VBN] 
feryd 1: [1 VBN] 
fesstnedd 3: [3 VBN] 
festenede 1: [1 VBN] 
fete 1: [1 VBN] 
filledd 2: [2 VBN] 
fillid 1: [1 VBN] 
fled 4: [4 VBN] 
fledde 4: [4 VBN] 
flowe 1: [1 VBN] 
fo+gten 1: [1 VBN] 
foghten 1: [1 VBN] 
foll+ghedd 1: [1 VBN] 
follghedd 1: [1 VBN] 
folowed 3: [3 VBN] 
folowyde 1: [1 VBN] 
folwed 1: [1 VBN] 
folwyd 2: [2 VBN] 
fond 1: [1 VBN] 
fonden 1: [1 VBN] 
for+d-gon 1: [1 VBN] 
for+dfaren 1: [1 VBN] 
for+geetyn 1: [1 VBN] 
for+gete 3: [3 VBN] 
for+geten 8: [8 VBN] 
for+geton 1: [1 VBN] 
for+getyn 2: [2 VBN] 
for+geue 6: [6 VBN] 
for+geuen 3: [3 VBN] 
for+goue 1: [1 VBN] 
for+gouun 1: [1 VBN] 
for+gouyn 2: [2 VBN] 
for+gyte 1: [1 VBN] 
for+gyten 1: [1 VBN] 
for+tedd 2: [2 VBN] 
for-+geten 2: [2 VBN] 
for-+gouyn 1: [1 VBN] 
for-don 1: [1 VBN] 
for-getyn 1: [1 VBN] 
for-laten 1: [1 VBN] 
for-leten 1: [1 VBN] 
for-lokid 1: [1 VBN] 
for-saken 3: [3 VBN] 
for-sakyn 1: [1 VBN] 
forbedyn 1: [1 VBN] 
forboden 2: [2 VBN] 
forbodyn 1: [1 VBN] 
forborne 1: [1 VBN] 
forcoruen 1: [1 VBN] 
forculed 1: [1 VBN] 
fordon 2: [2 VBN] 
forfayted 1: [1 VBN] 
forgaud 1: [1 VBN] 
forgendred 1: [1 VBN] 
forgeten 1: [1 VBN] 
forgetyn 1: [1 VBN] 
forgilt 1: [1 VBN] 
forgoon 2: [2 VBN] 
forgoten 1: [1 VBN] 
forgotyn 1: [1 VBN] 
forgult 1: [1 VBN] 
forgulte 1: [1 VBN] 
forhaten 2: [2 VBN] 
forl+aten 1: [1 VBN] 
forlaten 5: [5 VBN] 
forlete 2: [2 VBN] 
forleten 12: [12 VBN] 
forleyn 2: [2 VBN] 
forlokid 1: [1 VBN] 
forloren 13: [13 VBN] 
forlorn 1: [1 VBN] 
forloron 1: [1 VBN] 
formed 2: [2 VBN] 
forrbodenn 1: [1 VBN] 
forrhoredd 1: [1 VBN] 
forrlorenn 1: [1 VBN] 
forrsakenn 1: [1 VBN] 
forrworrpenn 4: [4 VBN] 
forsacan 1: [1 VBN] 
forsak 1: [1 VBN] 
forsake 22: [22 VBN] 
forsaken 13: [13 VBN] 
forsakyn 15: [15 VBN] 
forsineged 1: [1 VBN] 
forslongen 1: [1 VBN] 
forswolhen 1: [1 VBN] 
forworpen 1: [1 VBN] 
forwur+den 1: [1 VBN] 
foryeten 1: [1 VBN] 
fostred 1: [1 VBN] 
$fotyn 1: [1 VBN] 
fou+gten 2: [2 VBN] 
fought 2: [2 VBN] 
foughte 1: [1 VBN] 
foughtyn 3: [3 VBN] 
founde 8: [8 VBN] 
founden 10: [10 VBN] 
foundon 1: [1 VBN] 
foundun 3: [3 VBN] 
fownde 1: [1 VBN] 
fownden 7: [7 VBN] 
fowndon 1: [1 VBN] 
fowndyn 1: [1 VBN] 
fowte 1: [1 VBN] 
fowten 1: [1 VBN] 
fulended 1: [1 VBN] 
fulfild 1: [1 VBN] 
fulfilled 1: [1 VBN] 
fulfullud 2: [2 VBN] 
fulfylled 1: [1 VBN] 
fulfyllyd 1: [1 VBN] 
fult 1: [1 VBN] 
funden 2: [2 VBN] 
fundenn 4: [4 VBN] 
fur-saken 1: [1 VBN] 
fursake 1: [1 VBN] 
fycched 1: [1 VBN] 
/*  ~G~  */
+gatedd 3: [3 VBN] 
+ge+touht 1: [1 VBN] 
+ge-luued 1: [1 VBN] 
+gecumen 1: [1 VBN] 
+gedon 6: [6 DON] 
+gedweld 1: [1 VBN] 
+gefun-den 1: [1 VBN] 
+gegan 1: [1 VBN] 
+gegunnen 1: [1 VBN] 
$+gehafd 1: [1 HVN] 
+geherd 2: [2 VBN] 
+gehote 1: [1 VBN] 
+geigadered 1: [1 VBN] 
+gekydd 1: [1 VBN] 
+geluued 1: [1 VBN] 
+gemaked 2: [2 VBN] 
+genamd 1: [1 VBN] 
+geornedd 2: [2 VBN] 
+ges+ant 1: [1 VBN] 
+gescapen 2: [2 VBN] 
+gespeken 2: [2 VBN] 
+gespused 1: [1 VBN] 
+geue 6: [6 VBN] 
+geuen 5: [5 VBN] 
+gewer+ged 1: [1 VBN] 
+geyfe 1: [1 VBN] 
+gie-don 1: [1 DON] 
+gifenn 3: [3 VBN] 
+giuen 2: [2 VBN] 
+golden 1: [1 VBN] 
+goldyn 1: [1 VBN] 
+gon 1: [1 VBN] 
+goue 5: [5 VBN] 
+gouen 4: [4 VBN] 
+gouon 1: [1 VBN] 
+gouun 4: [4 VBN] 
+gouyn 10: [10 VBN] 
+gyuen 5: [5 VBN] 
gabbe 1: [1 VBN] 
gadered 7: [7 VBN] 
gaderede 1: [1 VBN] 
gaderid 1: [1 VBN] 
gadred 1: [1 VBN] 
gadrede 1: [1 VBN] 
gadrid 1: [1 VBN] 
gan 3: [3 VBN] 
gane 2: [2 VBN] 
gang 1: [1 VBN] 
gart 1: [1 VBN] 
gecoren 1: [1 VBN] 
gederet 1: [1 VBN] 
gedon 2: [2 DON] 
geearnod 1: [1 VBN] 
geffyn 1: [1 VBN] 
gegylt 1: [1 VBN] 
gemynt 1: [1 VBN] 
gemynte 1: [1 VBN] 
gendrid 1: [1 VBN] 
gerte 1: [1 VBN] 
gestogan 1: [1 VBN] 
get 1: [1 VBN] 
gete 3: [3 VBN] 
geten 7: [7 VBN] 
geton 3: [3 VBN] 
gety+ded 1: [1 VBN] 
getyn 4: [4 VBN] 
geuen 3: [3 VBN] 
geven 1: [1 VBN] 
gevyn 1: [1 VBN] 
giarked 1: [1 VBN] 
gifen 1: [1 VBN] 
gifenn 1: [1 VBN] 
gilltedd 1: [1 VBN] 
giuen 1: [1 VBN] 
giuin 1: [1 VBN] 
gladyd 1: [1 VBN] 
go 5: [5 VBN] 
gon 52: [52 VBN] 
gone 21: [21 VBN] 
gonne 1: [1 VBN] 
goo 3: [3 VBN] 
goon 12: [12 VBN] 
gote 2: [2 VBN] 
goten 4: [4 VBN] 
gotyn 4: [4 VBN] 
goue 5: [5 VBN] 
goyn 2: [2 VBN] 
graid 2: [2 VBN] 
grantede 2: [2 VBN] 
graunted 5: [5 VBN] 
grauntid 2: [2 VBN] 
grauntide 2: [2 VBN] 
grauntyd 1: [1 VBN] 
grawntyd 2: [2 VBN] 
gre+g+g+tedd 1: [1 VBN] 
greuede 1: [1 VBN] 
greved 3: [3 VBN] 
grevyd 2: [2 VBN] 
groped 1: [1 VBN] 
growe 2: [2 VBN] 
gult 1: [1 VBN] 
gydyde 1: [1 VBN] 
gyfen 3: [3 VBN] 
gyffen 5: [5 VBN] 
gyffene 1: [1 VBN] 
gylt 1: [1 VBN] 
gyn 1: [1 VBN] 
gyuen 2: [2 VBN] 
/*  ~H~  */
habedyn 1: [1 VBN] 
had $had 46: [46 HVN] 
hadde 3: [3 HVN] 
hade 16: [16 HVN] 
haldenn 1: [1 VBN] 
halewid 2: [2 VBN] 
halowid 1: [1 VBN] 
hangid 1: [1 VBN] 
hangyn 1: [1 VBN] 
happed 1: [1 VBN] 
harde 2: [2 VBN] 
hatched 1: [1 VBN] 
hated 2: [2 VBN] 
he+ged 1: [1 VBN] 
hehaten 1: [1 VBN] 
heled 1: [1 VBN] 
helede 1: [1 VBN] 
herbert 1: [1 VBN] 
herd 68: [68 VBN] 
herde 35: [35 VBN] 
herkned 1: [1 VBN] 
herrd 8: [8 VBN] 
hersumed 1: [1 VBN] 
hewe 1: [1 VBN] 
hid 3: [3 VBN] 
hidd 1: [1 VBN] 
hidde 1: [1 VBN] 
hifunde 1: [1 VBN] 
hight 1: [1 VBN] 
hiryd 1: [1 VBN] 
hite 2: [2 VBN] 
hold 1: [1 VBN] 
holde 5: [5 VBN] 
holden 3: [3 VBN] 
hollpenn 1: [1 VBN] 
holpe 1: [1 VBN] 
holpen 8: [8 VBN] 
holpyn 3: [3 VBN] 
hondelet 1: [1 VBN] 
honged 1: [1 VBN] 
horde 1: [1 VBN] 
horsed 1: [1 VBN] 
hud 1: [1 VBN] 
hungred 1: [1 VBN] 
hunted 1: [1 VBN] 
huntid 1: [1 VBN] 
hurt 1: [1 VBN] 
hurte 1: [1 VBN] 
huyred 1: [1 VBN] 
hydd 1: [1 VBN] 
hyndred 1: [1 VBN] 
hyred 1: [1 VBN] 
hyte 2: [2 VBN] 
/*  ~I~  */
i+doled 1: [1 VBN] 
$i+garcket 1: [1 VBN] 
i+garked 1: [1 VBN] 
i+garket 5: [5 VBN] 
i+garwed 1: [1 VBN] 
i+gefen 2: [2 VBN] 
i+geiet 1: [1 VBN] 
i+getted 1: [1 VBN] 
i+gettet 3: [3 VBN] 
i+geue 2: [2 VBN] 
i+giuen 6: [6 VBN] 
i+gunnen 1: [1 VBN] 
i+tocht 1: [1 VBN] 
i+toht 2: [2 VBN] 
i+toled 2: [2 VBN] 
i+tolet 1: [1 VBN] 
i+torschen 1: [1 VBN] 
i+tucht 1: [1 VBN] 
i+turlet 1: [1 VBN] 
i-+geve 2: [2 VBN] 
i-bedded 1: [1 VBN] 
i-bet 1: [1 VBN] 
i-brene 1: [1 VBN] 
i-bro+gt 1: [1 VBN] 
i-broke 2: [2 VBN] 
i-brou+gt 4: [4 VBN] 
i-bulde 3: [3 VBN] 
i-caste 1: [1 VBN] 
i-chaunged 2: [2 VBN] 
i-chose 1: [1 VBN] 
i-cleopet 1: [1 VBN] 
i-come 7: [7 VBN] 
i-counsailled 1: [1 VBN] 
i-counseilled 1: [1 VBN] 
i-cumpassed 1: [1 VBN] 
i-dampned 2: [2 VBN] 
i-do 1: [1 VBN] 
i-don 1: [1 DON] 
i-doo 8: [8 DON] 
i-drive 1: [1 VBN] 
i-drohe 1: [1 VBN] 
i-dured 1: [1 VBN] 
i-entred 1: [1 VBN] 
i-escad 1: [1 VBN] 
i-falle 3: [3 VBN] 
i-favored 2: [2 VBN] 
i-felt 1: [1 VBN] 
i-flowe 4: [4 VBN] 
i-fonge 6: [6 VBN] 
i-founde 1: [1 VBN] 
i-founded 1: [1 VBN] 
i-fulet 1: [1 VBN] 
i-gete 4: [4 VBN] 
i-glewed 1: [1 VBN] 
i-governed 1: [1 VBN] 
i-had 2: [2 HVN] 
i-halowed 1: [1 VBN] 
i-herd 1: [1 VBN] 
i-holde 3: [3 VBN] 
i-holpe 1: [1 VBN] 
i-hote 4: [4 VBN] 
i-kept 2: [2 VBN] 
i-lay 1: [1 VBN] 
i-left 2: [2 VBN] 
i-lefte 1: [1 VBN] 
i-leide 1: [1 VBN] 
i-leie 1: [1 VBN] 
i-lerned 4: [4 VBN] 
i-let 1: [1 VBN] 
i-leved 1: [1 VBN] 
i-leye 1: [1 VBN] 
i-loved 2: [2 VBN] 
i-lyved 1: [1 VBN] 
i-made 9: [9 VBN] 
i-maked 1: [1 VBN] 
i-ordeyned 3: [3 VBN] 
i-poysoned 1: [1 VBN] 
i-prayed 1: [1 VBN] 
i-preved 1: [1 VBN] 
i-proued 1: [1 VBN] 
i-pursewed 1: [1 VBN] 
i-putte 1: [1 VBN] 
i-recovered 1: [1 VBN] 
i-redde 1: [1 VBN] 
i-regned 2: [2 VBN] 
i-resed 1: [1 VBN] 
i-ruled 1: [1 VBN] 
i-saide 1: [1 VBN] 
i-sayed 1: [1 VBN] 
i-sceawed 1: [1 VBN] 
i-sched 1: [1 VBN] 
i-seid 2: [2 VBN] 
i-seide 3: [3 VBN] 
i-seie 3: [3 VBN] 
i-seilled 1: [1 VBN] 
i-sente 1: [1 VBN] 
i-sette 2: [2 VBN] 
i-seyd 1: [1 VBN] 
i-slawe 3: [3 VBN] 
i-slayne 1: [1 VBN] 
i-slepe 1: [1 VBN] 
i-songe 1: [1 VBN] 
i-souped 1: [1 VBN] 
i-spared 2: [2 VBN] 
i-spoke 3: [3 VBN] 
i-spoken 1: [1 VBN] 
i-spoused 1: [1 VBN] 
i-spoylled 1: [1 VBN] 
i-suffred 1: [1 VBN] 
i-swechte 1: [1 VBN] 
i-swore 1: [1 VBN] 
i-synned 1: [1 VBN] 
i-take 6: [6 VBN] 
i-used 1: [1 VBN] 
i-vnnen 1: [1 VBN] 
i-warned 1: [1 VBN] 
i-wedded 4: [4 VBN] 
i-weie 1: [1 VBN] 
i-werred 1: [1 VBN] 
i-wist 1: [1 VBN] 
i-wonne 2: [2 VBN] 
i-wope 1: [1 VBN] 
i-wraht 1: [1 VBN] 
i-wreyed 1: [1 VBN] 
i-yeve 1: [1 VBN] 
ibe 1: [1 VBN] 
ibeaten 3: [3 VBN] 
ibede 1: [1 VBN] 
ibeden 5: [5 VBN] 
ibet 4: [4 VBN] 
ibett 1: [1 VBN] 
ibi 1: [1 VBN] 
iblend 2: [2 VBN] 
iblent 1: [1 VBN] 
iblesced 1: [1 VBN] 
ibocht 1: [1 VBN] 
iboded 1: [1 VBN] 
iboked 1: [1 VBN] 
ibrocht 2: [2 VBN] 
ibroht 7: [7 VBN] 
ibroke 1: [1 VBN] 
ibroken 4: [4 VBN] 
ibrou+gt 1: [1 VBN] 
ibunden 1: [1 VBN] 
icacht 3: [3 VBN] 
ichose 2: [2 VBN] 
ichosen 1: [1 VBN] 
icleped 1: [1 VBN] 
iclumben 3: [3 VBN] 
icnawen 1: [1 VBN] 
icomen 6: [6 VBN] 
icore 3: [3 VBN] 
icoren 2: [2 VBN] 
icraued 1: [1 VBN] 
icruned 1: [1 VBN] 
icud 1: [1 VBN] 
icume 4: [4 VBN] 
icumen 15: [15 VBN] 
icumene 2: [2 VBN] 
icwe+den 1: [1 VBN] 
icwemet 1: [1 VBN] 
icwiddet 1: [1 VBN] 
idealet 1: [1 VBN] 
idemed 1: [1 VBN] 
idiht 3: [3 VBN] 
ido 6: [6 DON] 
idoluen 1: [1 VBN] 
idon 56: [56 DON] 
idoo 2: [2 DON] 
idrahen 1: [1 VBN] 
idre+gen 1: [1 VBN] 
idriuen 1: [1 VBN] 
idrohen 1: [1 VBN] 
idrunke 1: [1 VBN] 
idust 1: [1 VBN] 
ieardet 1: [1 VBN] 
iefned 2: [2 VBN] 
ieiht 1: [1 VBN] 
ierned 1: [1 VBN] 
$ieuenet 1: [1 VBN] 
ifalen 1: [1 VBN] 
ifallen 3: [3 VBN] 
ifaren 2: [2 VBN] 
ifei+ged 1: [1 VBN] 
ifelet 1: [1 VBN] 
ifest 1: [1 VBN] 
ifestned 2: [2 VBN] 
ifet 1: [1 VBN] 
iflo+gen 1: [1 VBN] 
iflowen 3: [3 VBN] 
iflut 1: [1 VBN] 
ifol+ged 2: [2 VBN] 
ifolen 1: [1 VBN] 
ifolhet 1: [1 VBN] 
ifonded 3: [3 VBN] 
ifonden 1: [1 VBN] 
ifondet 1: [1 VBN] 
ifounde 1: [1 VBN] 
ifulled 1: [1 VBN] 
ifunden 4: [4 VBN] 
igabbet 1: [1 VBN] 
igadered 1: [1 VBN] 
igan 4: [4 VBN] 
igete 1: [1 VBN] 
igeue 1: [1 VBN] 
igo 1: [1 VBN] 
igremet 2: [2 VBN] 
igret 1: [1 VBN] 
igurd 1: [1 VBN] 
iha+get 1: [1 VBN] 
ihafd 3: [2 HVN] [1 VBN] 
ihalden 1: [1 VBN] 
ihaldene 1: [1 VBN] 
iharmed 1: [1 VBN] 
ihate 1: [1 VBN] 
ihaten 2: [2 VBN] 
ihaued 2: [2 HVN] 
ihauet 2: [1 VBN] [1 HVN] 
ihealde 1: [1 VBN] 
ihealed 1: [1 VBN] 
iheed 1: [1 HVN] 
ihei+ged 1: [1 VBN] 
ihelden 1: [1 VBN] 
ihelet 1: [1 VBN] 
iher+d 2: [2 VBN] 
iherd 26: [26 VBN] 
ihereden 1: [1 VBN] 
iheret 1: [1 VBN] 
ihersumed 1: [1 VBN] 
ihialde 1: [1 VBN] 
ihole 1: [1 VBN] 
iholpen 3: [3 VBN] 
ihud 1: [1 VBN] 
ihurt 1: [1 VBN] 
ikeled 1: [1 VBN] 
ikept 2: [2 VBN] 
ikepte 1: [1 VBN] 
ikumen 2: [2 VBN] 
il+and 1: [1 VBN] 
ilad 1: [1 VBN] 
ilahet 1: [1 VBN] 
ilaten 1: [1 VBN] 
ilea+det 1: [1 VBN] 
ilead 2: [2 VBN] 
ileanet 2: [2 VBN] 
iled 1: [1 VBN] 
ileid 2: [2 VBN] 
ilein 2: [2 VBN] 
ilene+d 1: [1 VBN] 
ilened 1: [1 VBN] 
ilenet 3: [3 VBN] 
ileornet 1: [1 VBN] 
ilept 1: [1 VBN] 
ilet 1: [1 VBN] 
ilete 1: [1 VBN] 
ileued 1: [1 VBN] 
ileuet 3: [3 VBN] 
ilicht 1: [1 VBN] 
ilierned 2: [2 VBN] 
iliht 1: [1 VBN] 
iliuet 1: [1 VBN] 
ilo+gen 1: [1 VBN] 
iloket 1: [1 VBN] 
iloren 1: [1 VBN] 
iloset 3: [3 VBN] 
ilost 1: [1 VBN] 
iloste 1: [1 VBN] 
ilumpen 1: [1 VBN] 
imaad 1: [1 VBN] 
imad 1: [1 VBN] 
imaked 8: [8 VBN] 
imakede 1: [1 VBN] 
imaket 3: [3 VBN] 
imarked 1: [1 VBN] 
imint 1: [1 VBN] 
imotet 1: [1 VBN] 
imuneget 1: [1 VBN] 
imunt 1: [1 VBN] 
in-fecte 1: [1 VBN] 
indued 1: [1 VBN] 
ine+dered 1: [1 VBN] 
ined 1: [1 VBN] 
inemd 1: [1 VBN] 
inempned 4: [4 VBN] 
infecte 2: [2 VBN] 
inomen 1: [1 VBN] 
inserchyd 1: [1 VBN] 
inspired 1: [1 VBN] 
inspyred 1: [1 VBN] 
inume 1: [1 VBN] 
inumen 3: [3 VBN] 
ioffred 1: [1 VBN] 
ionswered 1: [1 VBN] 
iopened 1: [1 VBN] 
ipai+get 1: [1 VBN] 
ipassed 2: [2 VBN] 
ipiled 1: [1 VBN] 
iplicht 1: [1 VBN] 
ipreached 1: [1 VBN] 
ipurgyd 1: [1 VBN] 
ireaue+d 1: [1 VBN] 
ired 2: [2 VBN] 
irent 1: [1 VBN] 
irikenet 1: [1 VBN] 
irobbed 1: [1 VBN] 
is+ad 1: [1 VBN] 
is+ant 1: [1 VBN] 
iscapen 2: [2 VBN] 
iscawed 1: [1 VBN] 
isceawe+d 1: [1 VBN] 
ischriuen 1: [1 VBN] 
ise+gen 1: [1 VBN] 
iseaid 1: [1 VBN] 
iseghe 1: [1 VBN] 
isehe 1: [1 VBN] 
isehen 12: [12 VBN] 
isei+d 1: [1 VBN] 
iseid 31: [31 VBN] 
iseiled 1: [1 VBN] 
iseiset 1: [1 VBN] 
iseit 1: [1 VBN] 
isend 2: [2 VBN] 
iseneged 1: [1 VBN] 
isente 1: [1 VBN] 
iset Iset 7: [7 VBN] 
iseye 1: [1 VBN] 
isla+ge 1: [1 VBN] 
islein 4: [4 VBN] 
ismecchet 1: [1 VBN] 
ismered 1: [1 VBN] 
isocht 1: [1 VBN] 
isoht 1: [1 VBN] 
isompned 1: [1 VBN] 
ispeke 1: [1 VBN] 
ispeken 9: [9 VBN] 
ispened 1: [1 VBN] 
ispoken 1: [1 VBN] 
istald 1: [1 VBN] 
istolen 2: [2 VBN] 
istonde 1: [1 VBN] 
istriend 1: [1 VBN] 
istruped 1: [1 VBN] 
istunt 1: [1 VBN] 
isuneged 5: [5 VBN] 
isunged 2: [2 VBN] 
isworen 2: [2 VBN] 
iswunken 3: [3 VBN] 
itacht 1: [1 VBN] 
itake 6: [6 VBN] 
itaken 1: [1 VBN] 
itald 1: [1 VBN] 
itau+gt 1: [1 VBN] 
iteiet 1: [1 VBN] 
iteld 1: [1 VBN] 
itelded 1: [1 VBN] 
itemet 1: [1 VBN] 
itimbred 1: [1 VBN] 
ito+ge 1: [1 VBN] 
itold 3: [3 VBN] 
itravailed 1: [1 VBN] 
iturnd 2: [2 VBN] 
iturpled 1: [1 VBN] 
iugod 1: [1 VBN] 
iunne 1: [1 VBN] 
iuostret 1: [1 VBN] 
iupped 1: [1 VBN] 
iustefyed 1: [1 VBN] 
ivnnen 1: [1 VBN] 
iwaked 1: [1 VBN] 
iwaket 1: [1 VBN] 
iwant 1: [1 VBN] 
iwarned 1: [1 VBN] 
iwarpen 2: [2 VBN] 
iweddet 1: [1 VBN] 
iwelt 1: [1 VBN] 
iwend 1: [1 VBN] 
iwenet 1: [1 VBN] 
iwent 3: [3 VBN] 
iwiket 2: [2 VBN] 
iwilnet 1: [1 VBN] 
iwipet 1: [1 VBN] 
iwist 2: [2 VBN] 
iwite 1: [1 VBN] 
iwiued 1: [1 VBN] 
iwra+d+d 1: [1 VBN] 
iwraht 5: [5 VBN] 
iwre+ted 1: [1 VBN] 
iwriten 4: [4 VBN] 
iwrou+gt 1: [1 VBN] 
iwunet 1: [1 VBN] 
$iwunnen 1: [1 VBN] 
iyue 1: [1 VBN] 
/*  ~J~  */
jangelyd 1: [1 VBN] 
jlerned 1: [1 VBN] 
jlumpen 1: [1 VBN] 
joyde 1: [1 VBN] 
joyned 1: [1 VBN] 
jsayde 1: [1 VBN] 
jugged 1: [1 VBN] 
justed 1: [1 VBN] 
/*  ~K~  */
keped 1: [1 VBN] 
kepid 1: [1 VBN] 
kept 9: [9 VBN] 
kepte 10: [10 VBN] 
ki+t+tedd 1: [1 VBN] 
killid 6: [6 VBN] 
kilt 1: [1 VBN] 
knawen 1: [1 VBN] 
knawne 1: [1 VBN] 
knowe 3: [3 VBN] 
knowen 7: [7 VBN] 
knowun 11: [11 VBN] 
knowyn 4: [4 VBN] 
kutte 1: [1 VBN] 
kylde 1: [1 VBN] 
kyllud 1: [1 VBN] 
kyssed 7: [7 VBN] 
/*  ~L~  */
l+aten 1: [1 VBN] 
lad 1: [1 VBN] 
laft 5: [5 VBN] 
laid 1: [1 VBN] 
lakedd 1: [1 VBN] 
lasted 1: [1 VBN] 
laughyn 1: [1 VBN] 
layde 1: [1 VBN] 
layn 1: [1 VBN] 
layne 4: [4 VBN] 
led 1: [1 VBN] 
ledde 1: [1 VBN] 
leffte 1: [1 VBN] 
left 3: [3 VBN] 
lefte 17: [17 VBN] 
leften 1: [1 VBN] 
leid 3: [3 VBN] 
leien 1: [1 VBN] 
lein 2: [2 VBN] 
lend 1: [1 VBN] 
lenedd 5: [5 VBN] 
lent 5: [5 VBN] 
lente 1: [1 VBN] 
lered 1: [1 VBN] 
lerede 1: [1 VBN] 
lerned 7: [7 VBN] 
lernyd 2: [2 VBN] 
leryd 1: [1 VBN] 
lestyd 1: [1 VBN] 
let 2: [2 VBN] 
lete 2: [2 VBN] 
leted 1: [1 VBN] 
letenn 1: [1 VBN] 
lettide 1: [1 VBN] 
lettud 1: [1 VBN] 
lettyd 3: [3 VBN] 
lettyde 1: [1 VBN] 
leued 2: [2 VBN] 
leuede 1: [1 VBN] 
leuyd 5: [5 VBN] 
leved 2: [2 VBN] 
levyd 2: [2 VBN] 
leyd 3: [3 VBN] 
leyde 5: [5 VBN] 
leye 1: [1 VBN] 
leyn 8: [8 VBN] 
leyne 1: [1 VBN] 
lift 1: [1 VBN] 
lihte 1: [1 VBN] 
likede 1: [1 VBN] 
list 1: [1 VBN] 
liued 2: [2 VBN] 
logen 1: [1 VBN] 
loggid 1: [1 VBN] 
loked 2: [2 VBN] 
lokedd 1: [1 VBN] 
lokid 2: [2 VBN] 
lokyd 2: [2 VBN] 
londed 1: [1 VBN] 
londyd 2: [2 VBN] 
lookid 1: [1 VBN] 
lord-shipped 1: [1 VBN] 
lordshipped 1: [1 VBN] 
lorn 3: [3 VBN] 
losen 1: [1 VBN] 
lost 26: [26 VBN] 
loste Loste 12: [12 VBN] 
losyd 1: [1 VBN] 
loued 1: [1 VBN] 
louede 1: [1 VBN] 
louyd 2: [2 VBN] 
loved 5: [5 VBN] 
lovyd 1: [1 VBN] 
lowed 1: [1 VBN] 
lufed 4: [4 VBN] 
lufedd 1: [1 VBN] 
luffede 1: [1 VBN] 
lyen 2: [2 VBN] 
lyene 1: [1 VBN] 
lyffede 1: [1 VBN] 
lyghtenede 1: [1 VBN] 
lyued 7: [7 VBN] 
lyuet 1: [1 VBN] 
lyved 4: [4 VBN] 
/*  ~M~  */
maad 20: [20 VBN] 
macched 2: [2 VBN] 
mad 24: [24 VBN] 
made 87: [87 VBN] 
make 1: [1 VBN] 
maked 9: [9 VBN] 
makid 3: [3 VBN] 
mariede 2: [2 VBN] 
mariet 1: [1 VBN] 
markid 1: [1 VBN] 
martired 1: [1 VBN] 
maryed 1: [1 VBN] 
maymed 1: [1 VBN] 
medelyd 1: [1 VBN] 
ment 1: [1 VBN] 
mesured 3: [3 VBN] 
met 1: [1 VBN] 
metedd 4: [4 VBN] 
mette 7: [7 VBN] 
meuyd 1: [1 VBN] 
mis-do 2: [2 VBN] 
mis-don 2: [2 VBN] 
misdo $misdo 5: [5 VBN] 
misdon 4: [4 VBN] 
missaid 1: [1 VBN] 
misserued 1: [1 VBN] 
mistaken 1: [1 VBN] 
miswent 1: [1 VBN] 
mocked 1: [1 VBN] 
monyschyd 1: [1 VBN] 
mordred 1: [1 VBN] 
moved 1: [1 VBN] 
multiplied 1: [1 VBN] 
munt 1: [1 VBN] 
musterd 3: [3 VBN] 
mustird 1: [1 VBN] 
myned 1: [1 VBN] 
mysborn 1: [1 VBN] 
myschevyd 1: [1 VBN] 
mysdo 6: [6 VBN] 
mysdon 2: [2 VBN] 
mysdone 1: [1 VBN] 
mysdoon 1: [1 VBN] 
mysgoon 1: [1 VBN] 
myssedone 1: [1 VBN] 
mysspended 2: [2 VBN] 
mystaken 2: [2 VBN] 
/*  ~N~  */
namyd 1: [1 VBN] 
nemmnedd 1: [1 VBN] 
nempned 1: [1 VBN] 
nempnede 1: [1 VBN] 
norished 1: [1 VBN] 
norissed 2: [2 VBN] 
norisshede 2: [2 VBN] 
norysshed 2: [2 VBN] 
noted 1: [1 VBN] 
nume 1: [1 VBN] 
numen 2: [2 VBN] 
nutted 1: [1 VBN] 
nyghed 2: [2 VBN] 
nypte 1: [1 VBN] 
/*  ~O~  */
ocupyed 1: [1 VBN] 
of-earned 2: [2 VBN] 
of-erned 1: [1 VBN] 
of-guo 3: [3 VBN] 
of-seruet 2: [2 VBN] 
ofearned 6: [6 VBN] 
offearet 1: [1 VBN] 
offended 5: [5 VBN] 
offendid 1: [1 VBN] 
offerde 1: [1 VBN] 
offered 1: [1 VBN] 
offred 2: [2 VBN] 
offrid 2: [2 VBN] 
offryd 1: [1 VBN] 
ofgan 1: [1 VBN] 
onderuonge 1: [1 VBN] 
ondo 1: [1 VBN] 
onwor+test 1: [1 VBN] 
opened 1: [1 VBN] 
openid 1: [1 VBN] 
openyd 1: [1 VBN] 
ordayned 2: [2 VBN] 
ordaynede 2: [2 VBN] 
ordaynyd 1: [1 VBN] 
ordaynyde 1: [1 VBN] 
ordened 1: [1 VBN] 
ordenyd 1: [1 VBN] 
ordeynd 5: [5 VBN] 
ordeynde 1: [1 VBN] 
ordeyne+t 1: [1 VBN] 
ordeyned Ordeyned 27: [27 VBN] 
ordeynede 4: [4 VBN] 
ordeynet 2: [2 VBN] 
ordeynot 6: [6 VBN] 
ordeynt 2: [2 VBN] 
ordeynud 2: [2 VBN] 
ordeynut 4: [4 VBN] 
ordeynyd 3: [3 VBN] 
ordeynyt 1: [1 VBN] 
ouer+trawe 1: [1 VBN] 
ouer-come 1: [1 VBN] 
ouer-comemyn 1: [1 VBN] 
ouer-riden 1: [1 VBN] 
ouercome 6: [6 VBN] 
ouercomen 5: [5 VBN] 
ouercommen 1: [1 VBN] 
ouercumen 5: [5 VBN] 
ouergan 2: [2 VBN] 
ouergon 1: [1 VBN] 
ouerlayne 1: [1 VBN] 
ouerpassyd 1: [1 VBN] 
ouersemd 1: [1 VBN] 
ouerthrowen 1: [1 VBN] 
ouyrcome 2: [2 VBN] 
overcom 3: [3 VBN] 
overcommen 1: [1 VBN] 
overcomne 1: [1 VBN] 
overtake 1: [1 VBN] 
overtakyn 1: [1 VBN] 
/*  ~P~  */
parted 1: [1 VBN] 
partyd 4: [4 VBN] 
pased 1: [1 VBN] 
passed 14: [14 VBN] 
passede 8: [8 VBN] 
passefyde 1: [1 VBN] 
passid 3: [3 VBN] 
passud 1: [1 VBN] 
passyd 8: [8 VBN] 
past 3: [3 VBN] 
paste 4: [4 VBN] 
payed 5: [5 VBN] 
payned 1: [1 VBN] 
paynttyd 1: [1 VBN] 
perischede 1: [1 VBN] 
perissed 1: [1 VBN] 
plauntid 1: [1 VBN] 
plucked 1: [1 VBN] 
poysont 1: [1 VBN] 
praied 1: [1 VBN] 
prayde 1: [1 VBN] 
prayede 1: [1 VBN] 
preched 2: [2 VBN] 
prechid 1: [1 VBN] 
prechyd 1: [1 VBN] 
presented 1: [1 VBN] 
preseruyd 1: [1 VBN] 
presond 1: [1 VBN] 
preued 4: [4 VBN] 
preuyd 1: [1 VBN] 
preved 1: [1 VBN] 
preyde 1: [1 VBN] 
preysed 1: [1 VBN] 
proclamed 1: [1 VBN] 
procured 1: [1 VBN] 
proferyd 1: [1 VBN] 
profitid 1: [1 VBN] 
promysed 3: [3 VBN] 
prophecyed 1: [1 VBN] 
proued 2: [2 VBN] 
prouede 1: [1 VBN] 
prouffyted 1: [1 VBN] 
prouydyd 1: [1 VBN] 
proved 1: [1 VBN] 
provyded 1: [1 VBN] 
pulled 1: [1 VBN] 
punched 1: [1 VBN] 
purchaced 1: [1 VBN] 
purchased 1: [1 VBN] 
purfilde 1: [1 VBN] 
put 32: [32 VBN] 
putt 3: [3 VBN] 
putte 6: [6 VBN] 
pytte 1: [1 VBN] 
/*  ~Q~  */
quaked 1: [1 VBN] 
que+den 1: [1 VBN] 
quelled 1: [1 VBN] 
quellede 2: [2 VBN] 
quemed 2: [2 VBN] 
/*  ~R~  */
rad 1: [1 VBN] 
radd 1: [1 VBN] 
raueschid 1: [1 VBN] 
recaiuid 2: [2 VBN] 
receyed 1: [1 VBN] 
receyued 7: [7 VBN] 
receyuyd 1: [1 VBN] 
receyved 4: [4 VBN] 
rechaiuid 1: [1 VBN] 
red 5: [5 VBN] 
redd 1: [1 VBN] 
redde 5: [5 VBN] 
redyn 2: [2 VBN] 
refressched 1: [1 VBN] 
refreyned 1: [1 VBN] 
refused 1: [1 VBN] 
refusede 1: [1 VBN] 
refusyd 1: [1 VBN] 
regned 6: [6 VBN] 
regnede 26: [26 VBN] 
regnyd 1: [1 VBN] 
reherced 1: [1 VBN] 
rekkenede 1: [1 VBN] 
rekned 1: [1 VBN] 
reneyed 2: [2 VBN] 
reparelid 1: [1 VBN] 
repreved 1: [1 VBN] 
reproued 2: [2 VBN] 
rered 2: [2 VBN] 
resceyved 2: [2 VBN] 
rescheyuede 1: [1 VBN] 
rescuede 1: [1 VBN] 
reserued 1: [1 VBN] 
reseyved 1: [1 VBN] 
resigned 1: [1 VBN] 
ressayuede 1: [1 VBN] 
resseyued 2: [2 VBN] 
resseyved 1: [1 VBN] 
rest 1: [1 VBN] 
restede 1: [1 VBN] 
restorede 1: [1 VBN] 
retourned 1: [1 VBN] 
reuelyd 2: [2 VBN] 
revenged 1: [1 VBN] 
revyled 1: [1 VBN] 
rew+te 1: [1 VBN] 
rewarded 1: [1 VBN] 
reygned 1: [1 VBN] 
reyned 2: [2 VBN] 
riden 1: [1 VBN] 
risen 3: [3 VBN] 
risun 1: [1 VBN] 
robbed 1: [1 VBN] 
robbede 1: [1 VBN] 
robbet 1: [1 VBN] 
robbyd 1: [1 VBN] 
ronne 2: [2 VBN] 
ronnyn 2: [2 VBN] 
rowid 1: [1 VBN] 
rowyde 1: [1 VBN] 
rubbid 1: [1 VBN] 
runne 2: [2 VBN] 
runnen 1: [1 VBN] 
ryddyn 5: [5 VBN] 
ryden 2: [2 VBN] 
rysen 9: [9 VBN] 
rysyn 1: [1 VBN] 
/*  ~S~  */
sacrificed 1: [1 VBN] 
sadde 1: [1 VBN] 
said 5: [5 VBN] 
saide 11: [11 VBN] 
sailed 1: [1 VBN] 
sammnedd 1: [1 VBN] 
saued 2: [2 VBN] 
sauid 1: [1 VBN] 
sauyd 2: [2 VBN] 
saved 4: [4 VBN] 
sayd 1: [1 VBN] 
sayde 18: [18 VBN] 
sayled 1: [1 VBN] 
scene 1: [1 VBN] 
schapon 1: [1 VBN] 
schauen 1: [1 VBN] 
schemed 1: [1 VBN] 
schend 1: [1 VBN] 
schewed 11: [11 VBN] 
schewede 3: [3 VBN] 
schewet 1: [1 VBN] 
schewid 2: [2 VBN] 
schewide 1: [1 VBN] 
schewyd 11: [11 VBN] 
schowet 1: [1 VBN] 
schryuen 4: [4 VBN] 
scomfyted 1: [1 VBN] 
scorned 1: [1 VBN] 
scornede 1: [1 VBN] 
se+g+gd 11: [11 VBN] 
se+gen 1: [1 VBN] 
se+gh+ann 1: [1 VBN] 
se+ghenn 2: [2 VBN] 
see 1: [1 VBN] 
seeld 1: [1 VBN] 
seen 24: [24 VBN] 
seene 1: [1 VBN] 
sehen 1: [1 VBN] 
seid 27: [27 VBN] 
seide 3: [3 VBN] 
seie 2: [2 VBN] 
seien 2: [2 VBN] 
sekyrd 1: [1 VBN] 
semed 1: [1 VBN] 
sen 1: [1 VBN] 
send 6: [6 VBN] 
sende 2: [2 VBN] 
sene 26: [26 VBN] 
sennd 2: [2 VBN] 
sent 18: [18 VBN] 
sente 7: [7 VBN] 
sered 1: [1 VBN] 
serued 3: [3 VBN] 
seruede 3: [3 VBN] 
seruet 1: [1 VBN] 
served 1: [1 VBN] 
servyd 1: [1 VBN] 
servydde 1: [1 VBN] 
set 10: [10 VBN] 
seten 2: [2 VBN] 
sett 19: [19 VBN] 
sette 8: [8 VBN] 
setten 1: [1 VBN] 
sey 4: [4 VBN] 
seyd 49: [49 VBN] 
seyde 5: [5 VBN] 
seye 2: [2 VBN] 
seyen 1: [1 VBN] 
seyn $seyn 42: [42 VBN] 
seyne 5: [5 VBN] 
sh+awedd 35: [35 VBN] 
shamed 2: [2 VBN] 
shamedd 1: [1 VBN] 
shendedd 1: [1 VBN] 
shewed 17: [17 VBN] 
shewid 1: [1 VBN] 
shotte 1: [1 VBN] 
sineged 4: [4 VBN] 
sinned 1: [1 VBN] 
ska+tedd 1: [1 VBN] 
skapyd 2: [2 VBN] 
skarnedd 1: [1 VBN] 
sla+genn 1: [1 VBN] 
slain 1: [1 VBN] 
slawndryd 1: [1 VBN] 
slayn 28: [28 VBN] 
slayne 57: [57 VBN] 
slept 1: [1 VBN] 
slepte 3: [3 VBN] 
sleyn 1: [1 VBN] 
smet 2: [2 VBN] 
smyte 6: [6 VBN] 
smyten 2: [2 VBN] 
smyton 1: [1 VBN] 
smytten 2: [2 VBN] 
smytyn 1: [1 VBN] 
sneued 1: [1 VBN] 
so+gt 2: [2 VBN] 
sobbyd 1: [1 VBN] 
socowrd 1: [1 VBN] 
socowryd 1: [1 VBN] 
sohht 1: [1 VBN] 
solde 1: [1 VBN] 
somownd 1: [1 VBN] 
songen 1: [1 VBN] 
sothen 1: [1 VBN] 
sou+gt 1: [1 VBN] 
sought 2: [2 VBN] 
soughte 1: [1 VBN] 
souppede 1: [1 VBN] 
sowen 1: [1 VBN] 
sowkyd 1: [1 VBN] 
sowped 2: [2 VBN] 
sowt 3: [3 VBN] 
sowte 1: [1 VBN] 
sowyn 1: [1 VBN] 
spake 1: [1 VBN] 
spared 2: [2 VBN] 
sparid 1: [1 VBN] 
sped 4: [4 VBN] 
spedde 4: [4 VBN] 
speken 1: [1 VBN] 
spelledd 2: [2 VBN] 
spend 1: [1 VBN] 
spende 4: [4 VBN] 
spendet 1: [1 VBN] 
spendid 1: [1 VBN] 
spendut 1: [1 VBN] 
spent 2: [2 VBN] 
spilt 1: [1 VBN] 
spoke 3: [3 VBN] 
spoken 28: [28 VBN] 
spokon 1: [1 VBN] 
spokun 1: [1 VBN] 
spokyn 3: [3 VBN] 
spoused 1: [1 VBN] 
spousede 13: [13 VBN] 
sprad 2: [2 VBN] 
sprongen 2: [2 VBN] 
sprongon 1: [1 VBN] 
sprungen 1: [1 VBN] 
stablished 1: [1 VBN] 
stablisshed 1: [1 VBN] 
stablist 1: [1 VBN] 
stablyst 1: [1 VBN] 
staunched 1: [1 VBN] 
stemned 1: [1 VBN] 
stenet 2: [2 VBN] 
steyud 1: [1 VBN] 
stied 1: [1 VBN] 
stilled 1: [1 VBN] 
stole 1: [1 VBN] 
stolen 4: [4 VBN] 
stond 1: [1 VBN] 
stonde 2: [2 VBN] 
stonden 2: [2 VBN] 
stondyn 1: [1 VBN] 
stoned 2: [2 VBN] 
stonken 1: [1 VBN] 
stoonde 1: [1 VBN] 
strayed 1: [1 VBN] 
strenedd 3: [3 VBN] 
strengedd 1: [1 VBN] 
streonedd 2: [2 VBN] 
strykyn 2: [2 VBN] 
stryuen 1: [1 VBN] 
studied 2: [2 VBN] 
studiet 1: [1 VBN] 
styet 1: [1 VBN] 
sued 2: [2 VBN] 
sufferd 2: [2 VBN] 
sufferde 1: [1 VBN] 
suffered 2: [2 VBN] 
sufferyd 4: [4 VBN] 
suffirde 1: [1 VBN] 
suffred 17: [17 VBN] 
suffrid 3: [3 VBN] 
suffride 1: [1 VBN] 
suffryd 3: [3 VBN] 
suffyrd 3: [3 VBN] 
sundyrde 1: [1 VBN] 
suneged 1: [1 VBN] 
suoren 1: [1 VBN] 
supportyd 2: [2 VBN] 
suwed 1: [1 VBN] 
swalwyd 1: [1 VBN] 
swarved 1: [1 VBN] 
swette 1: [1 VBN] 
swoldred 1: [1 VBN] 
swolewed 1: [1 VBN] 
swolwed 1: [1 VBN] 
swore 2: [2 VBN] 
sworen 2: [2 VBN] 
sworn 5: [5 VBN] 
sworne 3: [3 VBN] 
syn+ged 1: [1 VBN] 
syneged 2: [2 VBN] 
synget 1: [1 VBN] 
synned 21: [21 VBN] 
synnede 4: [4 VBN] 
synnet 1: [1 VBN] 
synnyd 1: [1 VBN] 
synnyt 1: [1 VBN] 
/*  ~T~  */
+tankyd 1: [1 VBN] 
+tewwtedd 1: [1 VBN] 
+togen 1: [1 VBN] 
+tohht 2: [2 VBN] 
+toht 1: [1 VBN] 
+tou+gt 3: [3 VBN] 
+touht 1: [1 VBN] 
+toute 1: [1 VBN] 
+turh-soht 1: [1 VBN] 
t+amedd 1: [1 VBN] 
taght 2: [2 VBN] 
tak 2: [2 VBN] 
take 40: [40 VBN] 
taken 43: [43 VBN] 
takenn 2: [2 VBN] 
takun 3: [3 VBN] 
takyn 14: [14 VBN] 
takyne 1: [1 VBN] 
talde 2: [2 VBN] 
tan 1: [1 VBN] 
tane 5: [5 VBN] 
taryed 1: [1 VBN] 
tasted 1: [1 VBN] 
tastid 1: [1 VBN] 
tastyd 1: [1 VBN] 
tau+gt 2: [2 VBN] 
taught 3: [3 VBN] 
taughte 1: [1 VBN] 
tebrocen 1: [1 VBN] 
tebroken 1: [1 VBN] 
$teeld teeld 3: [3 VBN] 
teld 5: [5 VBN] 
telde 4: [4 VBN] 
teynyd 1: [1 VBN] 
thoghte 1: [1 VBN] 
thought 2: [2 VBN] 
thowt 1: [1 VBN] 
thrist 1: [1 VBN] 
thurghe-fychede 1: [1 VBN] 
ti+ded 1: [1 VBN] 
to-driuen 1: [1 VBN] 
tobroken 1: [1 VBN] 
tod+aledd 1: [1 VBN] 
told 20: [20 VBN] 
tolde 13: [13 VBN] 
toold 3: [3 VBN] 
tornyd 1: [1 VBN] 
touched 2: [2 VBN] 
touchid 1: [1 VBN] 
tourned 1: [1 VBN] 
towched 2: [2 VBN] 
towchid 1: [1 VBN] 
towchyd 1: [1 VBN] 
translated 1: [1 VBN] 
translatid 3: [3 VBN] 
trauailed 1: [1 VBN] 
trauailede 1: [1 VBN] 
trauayld 1: [1 VBN] 
trauelde 1: [1 VBN] 
trauelid 2: [2 VBN] 
travailed 2: [2 VBN] 
trayde 1: [1 VBN] 
trespaced 5: [5 VBN] 
trespased 1: [1 VBN] 
trespassed 4: [4 VBN] 
trespassyd 2: [2 VBN] 
trespast 5: [5 VBN] 
trespasyd 6: [6 VBN] 
tretide 1: [1 VBN] 
trostyd 1: [1 VBN] 
troubled 1: [1 VBN] 
trowblet 1: [1 VBN] 
trowed 2: [2 VBN] 
trowyd 2: [2 VBN] 
trubled 1: [1 VBN] 
trustyd 1: [1 VBN] 
turmentyd 1: [1 VBN] 
turned 6: [6 VBN] 
turnede 1: [1 VBN] 
turnet 1: [1 VBN] 
turnyd 2: [2 VBN] 
turrnedd 3: [3 VBN] 
twynnned 1: [1 VBN] 
tynt 1: [1 VBN] 
tynte 1: [1 VBN] 
tysut 1: [1 VBN] 
tytuld 1: [1 VBN] 
/*  ~U~  */
underfangen 1: [1 VBN] 
underfon 1: [1 VBN] 
underfonge 2: [2 VBN] 
undernume 2: [2 VBN] 
understonde 1: [1 VBN] 
understonden 2: [2 VBN] 
undirstonden 1: [1 VBN] 
undirtake 1: [1 VBN] 
unwi+gen 1: [1 VBN] 
uorlore 2: [2 VBN] 
uorloren 1: [1 VBN] 
uoryete 1: [1 VBN] 
uorzuol+ge 1: [1 VBN] 
used 5: [5 VBN] 
uttirde 1: [1 VBN] 
/*  ~V~  */
venged 1: [1 VBN] 
visited 1: [1 VBN] 
visitut 1: [1 VBN] 
visityd 1: [1 VBN] 
visyted 1: [1 VBN] 
vmbeclypped 1: [1 VBN] 
vmbeclyppyd 1: [1 VBN] 
vnder-tan 1: [1 VBN] 
vnderstonden 1: [1 VBN] 
vndirstand 1: [1 VBN] 
vndirstonden 1: [1 VBN] 
vnhonourid 1: [1 VBN] 
vrnen 1: [1 VBN] 
vsed 1: [1 VBN] 
vsid 1: [1 VBN] 
vsyd 2: [2 VBN] 
vyset 1: [1 VBN] 
/*  ~W~  */
wagyd 1: [1 VBN] 
walked 1: [1 VBN] 
walkid 1: [1 VBN] 
walkyd 1: [1 VBN] 
warned 1: [1 VBN] 
warnede 1: [1 VBN] 
warnyd 1: [1 VBN] 
warred 1: [1 VBN] 
wasche 1: [1 VBN] 
waschen 1: [1 VBN] 
wasschen 1: [1 VBN] 
wasshen 1: [1 VBN] 
wasted 4: [4 VBN] 
wastede 1: [1 VBN] 
wastid 1: [1 VBN] 
wastyd 1: [1 VBN] 
waxenn 1: [1 VBN] 
wayted 1: [1 VBN] 
weald 1: [1 VBN] 
wedded 3: [3 VBN] 
weddid 6: [6 VBN] 
weddud 1: [1 VBN] 
weddyd 5: [5 VBN] 
wende 2: [2 VBN] 
wennd 3: [3 VBN] 
went 6: [6 VBN] 
wente 2: [2 VBN] 
wenten 1: [1 VBN] 
wept 3: [3 VBN] 
werred 1: [1 VBN] 
weryd 1: [1 VBN] 
weschyn 1: [1 VBN] 
whre+tid 1: [1 VBN] 
wi+tholde 1: [1 VBN] 
wirchiped 1: [1 VBN] 
wiste 1: [1 VBN] 
wit-drawe 2: [2 VBN] 
wold 5: [5 VBN] 
wolde 2: [2 VBN] 
wondyde 1: [1 VBN] 
woned 2: [2 VBN] 
wonen 1: [1 VBN] 
wonid 1: [1 VBN] 
wonne 6: [6 VBN] 
wonnen 3: [3 VBN] 
woold 1: [1 VBN] 
wor+den 1: [1 VBN] 
worched 1: [1 VBN] 
worschipid 2: [2 VBN] 
worschypped 2: [2 VBN] 
worshepd 1: [1 VBN] 
wounded 5: [5 VBN] 
woxe 1: [1 VBN] 
wra+t+ted 2: [2 VBN] 
wra+t+tedd 1: [1 VBN] 
wrathed 1: [1 VBN] 
wretyn 6: [6 VBN] 
write 1: [1 VBN] 
writen 5: [5 VBN] 
writenn 1: [1 VBN] 
writin 2: [2 VBN] 
writyn 1: [1 VBN] 
wro+gt 2: [2 VBN] 
wroght 3: [3 VBN] 
wrohht 2: [2 VBN] 
wroht 1: [1 VBN] 
wrou+gt 3: [3 VBN] 
wrought 2: [2 VBN] 
wrowt 2: [2 VBN] 
wryte 2: [2 VBN] 
wuned 2: [2 VBN] 
wunne 1: [1 VBN] 
wur+ded 1: [1 VBN] 
wur+den 1: [1 VBN] 
wur+te 1: [1 VBN] 
wurcheped 1: [1 VBN] 
wurr+tedd 2: [2 VBN] 
wurr+tenn 34: [34 VBN] 
wysshed 1: [1 VBN] 
wythstonde 1: [1 VBN] 
/*  ~X~  */
/*  ~Y~  */
y+gyue 1: [1 VBN] 
y-armed 1: [1 VBN] 
y-bro+gt 2: [2 VBN] 
$y-broke 1: [1 VBN] 
y-buld 1: [1 VBN] 
y-cast 1: [1 VBN] 
y-chaut 1: [1 VBN] 
y-cliue 1: [1 VBN] 
y-come 1: [1 VBN] 
y-conceyued 1: [1 VBN] 
y-demd 1: [1 VBN] 
y-do 8: [8 DON] 
y-dobbed 1: [1 VBN] 
y-doo $y-doo 3: [3 DON] 
y-fonge 1: [1 VBN] 
y-gete 1: [1 VBN] 
y-granted 1: [1 VBN] 
y-guo 1: [1 VBN] 
y-herd 2: [2 VBN] 
y-het 2: [2 VBN] 
y-hyerd 2: [2 VBN] 
y-kept 1: [1 VBN] 
y-lend 1: [1 VBN] 
y-loked 1: [1 VBN] 
y-mad 3: [3 VBN] 
y-nome 1: [1 VBN] 
y-purchased 1: [1 VBN] 
y-schewed 1: [1 VBN] 
y-spedde 1: [1 VBN] 
y-speke 2: [2 VBN] 
y-sseawed 1: [1 VBN] 
y-ssewed 3: [3 VBN] 
y-ta+gt 1: [1 VBN] 
y-take 1: [1 VBN] 
y-tald 1: [1 VBN] 
y-went 1: [1 VBN] 
y-wonne 2: [2 VBN] 
y-yete 1: [1 VBN] 
y-yeue 6: [6 VBN] 
y-yeve 2: [2 VBN] 
y-zed 4: [4 VBN] 
y-zene+gd 1: [1 VBN] 
y-zene+ged 1: [1 VBN] 
y-zet 1: [1 VBN] 
ybede 1: [1 VBN] 
ybleued 1: [1 VBN] 
ybore 2: [2 VBN] 
ychaunged 1: [1 VBN] 
ychose 2: [2 VBN] 
yclensed 1: [1 VBN] 
yclenzed 1: [1 VBN] 
ycleped 1: [1 VBN] 
yclepyd 1: [1 VBN] 
yclo+tet 1: [1 VBN] 
ycome 2: [2 VBN] 
ycomen 1: [1 VBN] 
ycomyn 1: [1 VBN] 
ydampned 1: [1 VBN] 
ydo $ydo 17: [16 DON] [1 VBN] 
ydon 1: [1 DON] 
ydone 3: [3 DON] 
ydoo 1: [1 DON] 
ydronke 2: [2 VBN] 
yeffyn 1: [1 VBN] 
yelded 1: [1 VBN] 
yeve 5: [5 VBN] 
yeven 9: [9 VBN] 
yevyn 4: [4 VBN] 
yfalle 1: [1 VBN] 
ygete 1: [1 VBN] 
ygeten 2: [2 VBN] 
yhade 1: [1 HVN] 
yherd 4: [4 VBN] 
yhyerd 1: [1 VBN] 
ykest 2: [2 VBN] 
ylend 3: [3 VBN] 
ylete 2: [2 VBN] 
yleye 1: [1 VBN] 
yli+gted 1: [1 VBN] 
yloked 3: [3 VBN] 
ylore 2: [2 VBN] 
ylost 2: [2 VBN] 
ylyerned 2: [2 VBN] 
ylyued 1: [1 VBN] 
ymad 7: [7 VBN] 
ymaged 1: [1 VBN] 
ymoneld 1: [1 VBN] 
ymyned 1: [1 VBN] 
ynemned 3: [3 VBN] 
ynome 1: [1 VBN] 
youen 1: [1 VBN] 
ypased 1: [1 VBN] 
yporchaced 2: [2 VBN] 
yquyked 1: [1 VBN] 
yrad 1: [1 VBN] 
yrauyssched 1: [1 VBN] 
yseen 1: [1 VBN] 
yserued 1: [1 VBN] 
yseyne 1: [1 VBN] 
ysla+ge 1: [1 VBN] 
ysmacked 1: [1 VBN] 
yso+ge 1: [1 VBN] 
ysoupyd 1: [1 VBN] 
yspeke 6: [6 VBN] 
yssape 1: [1 VBN] 
ysseawed 2: [2 VBN] 
yssewed 4: [4 VBN] 
ystole 1: [1 VBN] 
ystotid 1: [1 VBN] 
ysuffred 2: [2 VBN] 
ytake 1: [1 VBN] 
ytaken 1: [1 VBN] 
ytald 1: [1 VBN] 
ytasted 1: [1 VBN] 
ytrespassed 1: [1 VBN] 
yuar+ged 1: [1 VBN] 
yueld 1: [1 VBN] 
yuo+gte 1: [1 VBN] 
yvryd 1: [1 VBN] 
yvzed 1: [1 VBN] 
ywedded 1: [1 VBN] 
ywent 3: [3 VBN] 
ywonne 4: [4 VBN] 
ywonon 1: [1 VBN] 
ywounded 1: [1 VBN] 
ywre+ge 1: [1 VBN] 
ywre+ted 1: [1 VBN] 
ywrout 1: [1 VBN] 
yyeue 1: [1 VBN] 
yzed 16: [16 VBN] 
yzet 2: [2 VBN] 
yzo+ge 1: [1 VBN] 
/*  ~Z~  */
/*  ~OTHER~  */

/*
SUMMARY:  
source files, hits/tokens/total
  cmaelr3-m23.psd	121/96/1049
  cmaelr4-m4.psd	48/42/768
  cmancriw-1-m1.psd	172/155/3558
  cmancriw-2-m1.psd	46/45/1163
  cmastro-m3.psd	15/14/404
  cmayenbi-m2.psd	198/157/2755
  cmbenrul-m3.psd	58/54/1454
  cmboeth-m3.psd	80/69/564
  cmbrut3-m3.psd	443/378/4117
  cmcapchr-m4.psd	164/153/4176
  cmcapser-m4.psd	3/3/91
  cmcloud-m3.psd	41/35/814
  cmctmeli-m3.psd	193/139/861
  cmctpars-m3.psd	114/92/1667
  cmearlps-m2.psd	122/109/7869
  cmedmund-m4.psd	11/10/299
  cmedthor-m34.psd	71/47/792
  cmedvern-m3.psd	71/55/930
  cmequato-m3.psd	12/11/341
  cmfitzja-m4.psd	21/15/225
  cmgaytry-m34.psd	16/13/199
  cmgregor-m4.psd	83/67/2632
  cmhali-m1.psd		17/17/501
  cmhilton-m34.psd	6/6/215
  cmhorses-m3.psd	11/11/420
  cminnoce-m4.psd	13/11/209
  cmjulia-m1.psd	38/34/566
  cmjulnor-m34.psd	35/32/336
  cmkathe-m1.psd	64/57/538
  cmkempe-m4.psd	507/441/3835
  cmkentho-m1.psd	19/17/298
  cmkentse-m2.psd	32/25/226
  cmlamb1-m1.psd	37/28/522
  cmlambx1-mx1.psd	71/59/1407
  cmmalory-m4.psd	439/386/4971
  cmmandev-m3.psd	230/196/3316
  cmmarga-m1.psd	57/44/627
  cmmirk-m34.psd	381/325/3685
  cmntest-m3.psd	114/103/1149
  cmorm-m1.psd		262/224/2637
  cmotest-m3.psd	62/55/809
  cmpeterb-m1.psd	19/18/647
  cmpolych-m3.psd	230/210/3799
  cmpurvey-m3.psd	120/106/2359
  cmreynar-m4.psd	137/114/739
  cmreynes-m4.psd	16/13/681
  cmrollep-m24.psd	66/53/985
  cmrolltr-m24.psd	70/56/950
  cmroyal-m34.psd	23/20/398
  cmsawles-m1.psd	27/24/272
  cmsiege-m4.psd	24/24/731
  cmthorn-mx4.psd	3/3/642
  cmtrinit-mx1.psd	169/122/3065
  cmvices1-m1.psd	179/153/1873
  cmvices4-m34.psd	40/28/363
  cmwycser-m3.psd	205/179/3905
whole search, hits/tokens/total
		5826/4953/84404
*/
