/*
PREFACE:  
Copyright 2010 Beth Randall
Date:  Wed May 19 10:58:09 BRT 2021

command file:     verblex4.q
output file:      ../output_files/verblex4.out

Lexicon:  
*/

/*  ~A~  */
a+genstonding 1: [1 ADV+VAG] 
a-bydynge 1: [1 VAG] 
a-cordyng 2: [2 VAG] 
a-greyng 1: [1 VAG] 
a-noiand 1: [1 VAG] 
a-peryng 1: [1 VAG] 
abidand 1: [1 VAG] 
abidyng 1: [1 VAG] 
abidynge 2: [2 VAG] 
ablyng 1: [1 VAG] 
abreggynge 1: [1 VAG] 
abydande 1: [1 VAG] 
abydinge 1: [1 VAG] 
abydynge 2: [2 VAG] 
abydyngge 2: [2 VAG] 
according 1: [1 VAG] 
accordyng 4: [4 VAG] 
accordynge 8: [8 VAG] 
accusyng 2: [2 VAG] 
acordand 1: [1 VAG] 
acording 2: [2 VAG] 
acordyng 18: [18 VAG] 
acordynge $acordynge 3: [3 VAG] 
addyng 1: [1 VAG] 
adoynge 1: [1 VAG] 
afermynge 1: [1 VAG] 
affermande 1: [1 VAG] 
akinde 1: [1 VAG] 
al-wealdent 5: [5 Q+VAG] 
alargyng 1: [1 VAG] 
aleastinde 1: [1 VAG] 
alegging 1: [1 VAG] 
ali+gtand 1: [1 VAG] 
allw+aldennd Allw+aldennd 5: [5 Q+VAG] 
alwealdinde 1: [1 Q+VAG] 
amblynge 1: [1 VAG] 
amendand 1: [1 VAG] 
amendyng 1: [1 VAG] 
amendynge 1: [1 VAG] 
anbidende 1: [1 VAG] 
anchiterrinde 1: [1 D+VAG] 
anedande 1: [1 VAG] 
anhwilinde 1: [1 VAG] 
anoiand 2: [2 VAG] 
answerand 1: [1 VAG] 
answeryng 13: [13 VAG] 
answerynge 1: [1 VAG] 
aperteynyng 1: [1 VAG] 
aperyng 2: [2 VAG] 
appering 1: [1 VAG] 
apperyng 1: [1 VAG] 
appreuyng 1: [1 VAG] 
arisand 3: [3 VAG] 
ariseand 1: [1 VAG] 
arizinge 1: [1 VAG] 
ascendinge 1: [1 VAG] 
ascendyng 3: [3 VAG] 
askand 1: [1 VAG] 
askande 1: [1 VAG] 
asking 1: [1 VAG] 
askyng 5: [5 VAG] 
askynge 1: [1 VAG] 
assailyng 1: [1 VAG] 
assending 1: [1 VAG] 
assentynge 2: [2 VAG] 
aunswering 1: [1 VAG] 
axinge 3: [3 VAG] 
axyng 2: [2 VAG] 
axynge 2: [2 VAG] 
ay-lastande Ay-lastande 3: [2 VAG] [1 ADV+VAG] 
/*  ~B~  */
b+arnende 1: [1 VAG] 
b+arnennde 1: [1 VAG] 
bacbitand 1: [1 VAG] 
bakbytyng 1: [1 VAG] 
baptisinge 1: [1 VAG] 
baptisyng 1: [1 VAG] 
baptisynge 2: [2 VAG] 
barnende 2: [2 VAG] 
barninde 2: [2 VAG] 
be+tenkyngge 1: [1 VAG] 
bearneacninde 1: [1 VAG] 
bearninde 6: [6 VAG] 
bearninnde 1: [1 VAG] 
befor-seyd 1: [1 ADV+VAG] 
beggand 1: [1 VAG] 
begynnynge 1: [1 VAG] 
behaldande 3: [3 VAG] 
beheldyng 3: [3 VAG] 
behestyng 2: [2 VAG] 
beholdyng 2: [2 VAG] 
beholdynge 7: [7 VAG] 
behotynge 1: [1 VAG] 
bendand 1: [1 VAG] 
beornind 1: [1 VAG] 
beorninde 1: [1 VAG] 
ber 1: [1 VAG] 
berand $berand 5: [5 VAG] 
berande 1: [1 VAG] 
beriing 1: [1 VAG] 
berinde 1: [1 VAG] 
bering 1: [1 VAG] 
beringe 1: [1 VAG] 
bernende 1: [1 VAG] 
berninde $berninde 10: [10 VAG] 
bernynde 2: [2 VAG] 
beryng 12: [12 VAG] 
berynge 5: [5 VAG] 
beryngge 2: [2 VAG] 
besechinge 1: [1 VAG] 
besechyng 2: [2 VAG] 
besechynge 1: [1 VAG] 
besechyngge 2: [2 VAG] 
betakenande 1: [1 VAG] 
betende 1: [1 VAG22] 
betrayenge 1: [1 VAG] 
beyng 1: [1 VAG] 
beyngge 2: [2 VAG] 
bi 1: [1 VAG21] 
bi+tenchand 3: [3 VAG] 
bi-+tenchand 8: [8 VAG] 
bi-stonding 1: [1 VAG] 
biddinde 1: [1 VAG] 
biforegoyng 1: [1 ADV+VAG] 
biggand 1: [1 VAG] 
biggeand 1: [1 VAG] 
bileuynge 1: [1 VAG] 
birewsinde 1: [1 VAG] 
birling 1: [1 VAG] 
birnende 2: [2 VAG] 
bisechand 1: [1 VAG] 
bisegynge 2: [2 VAG] 
bisekynge 1: [1 VAG] 
bitinde 1: [1 VAG] 
bitunde 1: [1 VAG] 
bitynge 1: [1 VAG] 
blaberynge 1: [1 VAG] 
blasyng 1: [1 VAG] 
blasynge 4: [4 VAG] 
blawende 1: [1 VAG] 
bledande 1: [1 VAG] 
bledyng 4: [4 VAG] 
blemysand 1: [1 VAG] 
blessynge 1: [1 VAG] 
blikinde 2: [2 VAG] 
blisceand 1: [1 VAG] 
bliscing 1: [1 VAG] 
blodlettinde 1: [1 VAG] 
blowinde 1: [1 VAG] 
blowyng 1: [1 VAG] 
blyssyng 1: [1 VAG] 
bobbyng 1: [1 VAG] 
bodiende 1: [1 VAG] 
boiling 1: [1 VAG] 
boryinde 1: [1 VAG] 
bossinge 1: [1 VAG] 
bowand 2: [2 VAG] 
bowing 1: [1 VAG] 
bowynge 1: [1 VAG] 
boyllynge 1: [1 VAG] 
brayinde 2: [2 VAG] 
bredlinge 1: [1 VAG] 
brekand 1: [1 VAG] 
brekyn 1: [1 VAG] 
brekynde 1: [1 VAG] 
brekyng 1: [1 VAG] 
brennand 3: [3 VAG] 
brennande 1: [1 VAG] 
brennyng $brennyng 32: [32 VAG] 
brennynge 24: [24 VAG] 
brennyngge 7: [7 VAG] 
breokinde 1: [1 VAG] 
brinnande 1: [1 VAG] 
brynand 2: [2 VAG] 
bryngand 2: [2 VAG] 
bryngyng 2: [2 VAG] 
bryngyngge 2: [2 VAG] 
brynnand 2: [2 VAG] 
brynnande 2: [2 VAG] 
brynnyng 3: [3 VAG] 
bu+ginde 2: [2 VAG] 
bulmyng 1: [1 VAG] 
by+tenchand 1: [1 VAG] 
by-+ten-chand 1: [1 VAG] 
by-+tenchand 2: [2 VAG] 
by-comyngge 1: [1 VAG] 
byddinde 1: [1 VAG] 
byddyng 3: [3 VAG] 
byddynge 1: [1 VAG] 
byginnand 1: [1 VAG] 
bygynnyng 1: [1 VAG] 
bying 1: [1 VAG] 
$byndyng 1: [1 VAG] 
byrnand 14: [14 VAG] 
byrnande 1: [1 VAG] 
bysechyng 2: [2 VAG] 
/*  ~C~  */
callyng 4: [4 VAG] 
callynge 1: [1 VAG] 
castand 1: [1 VAG] 
castyng 1: [1 VAG] 
castynge 2: [2 VAG] 
cessynge 1: [1 VAG] 
chalangand 1: [1 VAG] 
chalenchyng 1: [1 VAG] 
chargyng 4: [4 VAG] 
charmeand 2: [2 VAG] 
chastiand 1: [1 VAG] 
chasyng 3: [3 VAG] 
chaterynge 1: [1 VAG] 
chaunging 1: [1 VAG] 
chaungyng 1: [1 VAG] 
chedyng 1: [1 VAG] 
chesyng 1: [1 VAG] 
cheueryngge 1: [1 VAG] 
chiddyng 1: [1 VAG] 
chidinde 1: [1 VAG] 
chidynge 1: [1 VAG] 
chiuerinde 1: [1 VAG] 
chonginde 2: [2 VAG] 
chydynge 1: [1 VAG] 
cla+dinde 1: [1 VAG] 
clappynge 1: [1 VAG] 
clensig 1: [1 VAG] 
clensing 1: [1 VAG] 
cleopie 1: [1 VAG] 
cleopiende 1: [1 VAG] 
clepand 4: [4 VAG] 
clepyng 2: [2 VAG] 
clepynge 1: [1 VAG] 
cleuiinde 1: [1 VAG] 
cleuiynde 2: [2 VAG] 
cleuynge 3: [3 VAG] 
cleuyngge 1: [1 VAG] 
clippyng 1: [1 VAG] 
clowtyng 1: [1 VAG] 
clymbande 1: [1 VAG] 
clyvynge 1: [1 VAG] 
cneolinde 4: [4 VAG] 
comand 3: [3 VAG] 
comaund 1: [1 VAG] 
comaunding 1: [1 VAG] 
comawndyng 6: [6 VAG] 
comendinge 1: [1 VAG] 
comendyng 1: [1 VAG] 
comfortand 2: [2 VAG] 
comfortyng 3: [3 VAG] 
cominde 2: [2 VAG] 
coming 1: [1 VAG] 
commendynge 1: [1 VAG] 
commyng 3: [3 VAG] 
commynge 6: [6 VAG] 
comownyng 1: [1 VAG] 
compellyng 2: [2 VAG] 
compleynyng 5: [5 VAG] 
comprehendyng 1: [1 VAG] 
comyde 1: [1 VAG] 
comynde 2: [2 VAG] 
comyng 59: [59 VAG] 
comynge 36: [30 VAG] [6 VAG22] 
comyngge 2: [2 VAG] 
conand 2: [2 VAG] 
concernyng 2: [2 VAG] 
conceyuyng 1: [1 VAG] 
$conceyuyngge 1: [1 VAG] 
concupyscensand 1: [1 VAG] 
confortyngge 1: [1 VAG] 
coniuryngge 1: [1 VAG] 
connynge 1: [1 VAG] 
consenntyng 1: [1 VAG] 
consenting 4: [4 VAG] 
consentinge 1: [1 VAG] 
consentyng 3: [3 VAG] 
consentynge 1: [1 VAG] 
conseyuyng 1: [1 VAG] 
considering 3: [3 VAG] 
consideryng 2: [2 VAG] 
considerynge 3: [3 VAG] 
constreinand 1: [1 VAG] 
constreynynge 1: [1 VAG] 
consyderyng 2: [2 VAG] 
consyderynge 1: [1 VAG] 
containing 1: [1 VAG] 
contenyng 2: [2 VAG] 
conteynyng 1: [1 VAG] 
conteynynge 1: [1 VAG] 
contunyng 2: [2 VAG] 
contwnyng 1: [1 VAG] 
contynowyng 1: [1 VAG] 
contynuyng 1: [1 VAG] 
convaying 1: [1 VAG] 
copuland 1: [1 VAG] 
coruinde 1: [1 VAG] 
costynge 1: [1 VAG] 
couaytande 1: [1 VAG] 
coueytinge 1: [1 VAG] 
counsailynge 1: [1 VAG] 
countynge 1: [1 VAG] 
cownselyng 2: [2 VAG] 
cowntynge 1: [1 VAG] 
creopinde 1: [1 VAG] 
crepand 2: [2 VAG] 
crepyng 1: [1 VAG] 
crepynge 7: [7 VAG] 
crewlinde 1: [1 VAG] 
criand 1: [1 VAG] 
criande 1: [1 VAG] 
crienge 2: [2 VAG] 
criing 2: [2 VAG] 
criyng 3: [3 VAG] 
cryand 1: [1 VAG] 
cryeng 2: [2 VAG] 
cryenge 3: [3 VAG] 
crying 7: [7 VAG] 
cryinge 1: [1 VAG] 
cryyng 9: [9 VAG] 
cryynge 2: [2 VAG] 
cuminde 2: [2 VAG] 
cuming 1: [1 VAG] 
cursing 1: [1 VAG] 
cussinde 1: [1 VAG] 
cwe+dinde 3: [1 VAG22] [2 VAG] 
cytyng 1: [1 VAG] 
/*  ~D~  */
dalying 3: [3 VAG] 
dampnyng 1: [1 VAG] 
declaryng 2: [2 VAG] 
defendyng 1: [1 VAG] 
defendynge 1: [1 VAG] 
defouland 1: [1 VAG] 
delende 1: [1 VAG22] 
delitande 1: [1 VAG] 
demyng 1: [1 VAG] 
departynge 2: [2 VAG] 
departyngge 1: [1 VAG] 
derend 1: [1 VAG] 
deriynde 2: [2 VAG] 
des-pisyng 1: [1 VAG] 
descendand 2: [2 VAG] 
descending 3: [3 VAG] 
descendinge 1: [1 VAG] 
descendynge 1: [1 VAG] 
desirand 1: [1 VAG] 
desiring 4: [4 VAG] 
desiringe 1: [1 VAG] 
desiryng 12: [12 VAG] 
desirynge 2: [2 VAG] 
despisyng 1: [1 VAG] 
despisynge 1: [1 VAG] 
despysyng 1: [1 VAG] 
destroyenge 1: [1 VAG] 
desyrand 1: [1 VAG] 
desyring 1: [1 VAG] 
desyryng Desyryng 11: [11 VAG] 
desyryngge 1: [1 VAG] 
dewand 1: [1 VAG] 
discending 1: [1 VAG] 
discendinge 1: [1 VAG] 
discordynge 1: [1 VAG] 
discouerynge 1: [1 VAG] 
discryvyngge 1: [1 VAG] 
discuryng 1: [1 VAG] 
disencresynge 1: [1 VAG] 
dispising 1: [1 VAG] 
dispreisynge 1: [1 VAG] 
disputyng 1: [1 VAG] 
dispysand 1: [1 VAG] 
disseuerynge 1: [1 VAG] 
distriynge 1: [1 VAG] 
doand Doand 11: [10 DAG] [1 VAG] 
doande 1: [1 VAG] 
doutand 5: [5 VAG] 
doutande 1: [1 VAG] 
dowtyng 1: [1 VAG] 
dowtyngge 1: [1 VAG] 
doyng 11: [1 VAG] [10 DAG] 
doynge $doynge 6: [5 DAG] [1 VAG] 
dra+ginde 1: [1 VAG] 
dradinde 1: [1 VAG] 
drawyng 4: [4 VAG] 
drawyngge 1: [1 VAG] 
dredand 10: [10 VAG] 
dreding 1: [1 VAG] 
dredyng 6: [6 VAG] 
dredynge 2: [2 VAG] 
dredyngge 2: [2 VAG] 
dreihninde 1: [1 VAG] 
dremande 2: [2 VAG] 
dressand 1: [1 VAG] 
dressynge 1: [1 VAG] 
drinkende 1: [1 VAG] 
drinkynge 1: [1 VAG] 
driuinde 1: [1 VAG] 
droppand 1: [1 VAG] 
droppyng 1: [1 VAG] 
droppynge 2: [2 VAG] 
druicninde 1: [1 VAG] 
drynkand 1: [1 VAG] 
drynkyng 1: [1 VAG] 
drynkynge 1: [1 VAG] 
duellyng 9: [9 VAG] 
duellynge 2: [2 VAG] 
duryng 2: [2 VAG] 
dutande 1: [1 VAG] 
dwallkennde 1: [1 VAG] 
dwelland 1: [1 VAG] 
dwellyng 18: [18 VAG] 
dwellynge 7: [7 VAG] 
dyand 3: [3 VAG] 
dyeand 1: [1 VAG] 
dysencresynge 1: [1 VAG] 
dysputyng 1: [1 VAG] 
/*  ~E~  */
ebbynge 1: [1 VAG] 
edifiand 1: [1 VAG] 
edifyenge 1: [1 VAG] 
ekand 2: [2 VAG] 
enchewyng 1: [1 VAG] 
enclynynge 1: [1 VAG] 
encresyng 1: [1 VAG] 
encumpassand 1: [1 VAG] 
enformyng 1: [1 VAG] 
enioyande 2: [2 VAG] 
enioyng 1: [1 VAG] 
enquering 1: [1 VAG] 
entendande 1: [1 VAG] 
entring 1: [1 VAG] 
$entryng 1: [1 VAG] 
entryngge 1: [1 VAG] 
envirounyge 1: [1 VAG] 
envirounynge 1: [1 VAG] 
envyronynge 1: [1 VAG] 
ernand 2: [2 VAG] 
erninde 1: [1 VAG] 
errynge 1: [1 VAG] 
etand 2: [2 VAG] 
etinge 1: [1 VAG] 
etyng 1: [1 VAG] 
euell-lyuyng 1: [1 ADV+VAG] 
euer-lastynge 1: [1 ADV+VAG] 
euere-durynge 1: [1 ADV+VAG] 
euere-lastyng 2: [2 ADV+VAG] 
euere-lastyngge 4: [4 ADV+VAG] 
euere-wellyngge 1: [1 ADV+VAG] 
euerelastynge 2: [1 VAG] [1 ADV+VAG] 
euerelestyng 1: [1 ADV+VAG] 
euerelestynge 2: [2 ADV+VAG] 
euerlastand 6: [5 ADV+VAG] [1 VAG] 
euerlastande 1: [1 ADV+VAG] 
euerlastend 1: [1 ADV+VAG] 
euerlasting 3: [3 ADV+VAG] 
euerlastinge 1: [1 ADV+VAG] 
euerlastyng Euerlastyng 12: [12 ADV+VAG] 
euerlastynge 21: [21 ADV+VAG] 
euerlastyngge 4: [3 ADV+VAG] [1 VAG] 
euerlestyng 2: [2 ADV+VAG] 
eurelestinde 14: [14 ADV+VAG] 
eurelestynde 3: [2 ADV+VAG] [1 VAG] 
euyr-lestyng 4: [4 ADV+VAG] 
euyrlasting 1: [1 ADV+VAG] 
euyrlastyng 1: [1 VAG] 
euyrlesting 1: [1 VAG] 
euyrlestyng 2: [2 ADV+VAG] 
everelastynge 1: [1 VAG] 
everlastinge 1: [1 ADV+VAG] 
everlastynge 1: [1 ADV+VAG] 
excedynge 2: [2 VAG] 
excusyng 1: [1 VAG] 
executynge 1: [1 VAG] 
exhorting 1: [1 VAG] 
exhortynge 1: [1 VAG] 
expleyntyng 1: [1 VAG] 
expounnynge 1: [1 VAG] 
expounyng 1: [1 VAG] 
expressyng 1: [1 VAG] 
/*  ~F~  */
fagyng 1: [1 VAG] 
failand 1: [1 VAG] 
failland 1: [1 VAG] 
falland 3: [3 VAG] 
fallande 1: [1 VAG] 
fallinde 8: [8 VAG] 
falling 1: [1 VAG] 
fallyng 6: [6 VAG] 
fallynge 5: [5 VAG] 
falsinde 1: [1 VAG] 
farende 1: [1 VAG] 
farinde 1: [1 VAG] 
faryng 1: [1 VAG] 
farynge 1: [1 VAG] 
fastande 2: [2 VAG] 
fastinde 1: [1 VAG] 
fasting 1: [1 VAG] 
fastyng $fastyng 10: [10 VAG] 
fastynge $fastynge 4: [4 VAG] 
fawnynge 1: [1 VAG] 
fayland 1: [1 VAG] 
fayllynge 1: [1 VAG] 
faylyng 1: [1 VAG] 
fe+gtand 2: [2 VAG] 
fedynge 1: [1 VAG] 
feghtand 1: [1 VAG] 
feghtande 1: [1 VAG] 
fei+gtyng 1: [1 VAG] 
feightyng 1: [1 VAG] 
feland 2: [2 VAG] 
fellyng 1: [1 VAG] 
felyng 3: [3 VAG] 
ferynge 1: [1 VAG] 
fi+gtinge 1: [1 VAG] 
fikelinde 1: [1 VAG] 
fitand 1: [1 VAG] 
fityng 1: [1 VAG] 
flateryng 2: [2 VAG] 
flaterynge 1: [1 VAG] 
fleand 1: [1 VAG] 
fleande 1: [1 VAG] 
flecchyngge 1: [1 VAG] 
fleoinde 1: [1 VAG] 
fleonde 1: [1 VAG] 
fleoninde 1: [1 VAG] 
fleonninde 3: [3 VAG] 
fleotinde 2: [2 VAG] 
fletende 1: [1 VAG] 
fletynge 2: [2 VAG] 
fleyng 3: [3 VAG] 
fleynge 4: [4 VAG] 
flihinde 1: [1 VAG] 
flon 1: [1 VAG] 
florischyng 1: [1 VAG] 
florisshing 1: [1 VAG] 
flowen 1: [1 VAG] 
floweryng 1: [1 VAG] 
flowinde 4: [4 VAG] 
flowyng 2: [2 VAG] 
flowynge 2: [2 VAG] 
flying 1: [1 VAG] 
flytand 1: [1 VAG] 
foldynge 1: [1 VAG] 
folewyng 2: [2 VAG] 
follewyng 1: [1 VAG] 
followynge 2: [2 VAG] 
folouand 1: [1 VAG] 
folowand 6: [6 VAG] 
folowande 1: [1 VAG] 
folowing 1: [1 VAG] 
folowyng 16: [16 VAG] 
folowynge 27: [27 VAG] 
folwyng 19: [19 VAG] 
folwynge 5: [5 VAG] 
for 1: [1 VAG21] 
for+getyng 1: [1 VAG] 
for-fetand 1: [1 VAG] 
for-sakand 1: [1 VAG] 
forbedyng 1: [1 VAG] 
forgevynge 1: [1 VAG] 
forgifand 1: [1 VAG] 
forsakinge 1: [1 VAG] 
forsakyng 1: [1 VAG] 
forsakynge 1: [1 VAG] 
forseande 1: [1 VAG] 
forsweryng 1: [1 VAG] 
fresyngge 1: [1 VAG] 
fructifiand 1: [1 VAG] 
fulfilland 1: [1 VAG] 
fulfillynde 1: [1 VAG] 
fuliende 1: [1 VAG] 
fullfillande 1: [1 VAG] 
fullynge-stafe 1: [1 VAG+N] 
fyghtyng 2: [2 VAG] 
fyghtynge 4: [4 VAG] 
fylland 1: [1 VAG] 
fyschyng 1: [1 VAG] 
fytyng 2: [2 VAG] 
/*  ~G~  */
+garenande 1: [1 VAG] 
+geinde 1: [1 VAG] 
+geldyng 1: [1 VAG] 
+geldynge 2: [2 VAG] 
+gellynge 1: [1 VAG] 
+geoninde 2: [2 VAG] 
+geonyng 1: [1 VAG] 
+geuand 1: [1 VAG] 
+geuing 1: [1 VAG] 
+geuyng 11: [11 VAG] 
+geuynge 1: [1 VAG] 
+gevyng 2: [2 VAG] 
+gichinde 1: [1 VAG] 
+gifand 1: [1 VAG] 
+giuing 1: [1 VAG] 
+gonge 1: [1 VAG] 
+gurinde 1: [1 VAG] 
+gyuynge 1: [1 VAG] 
+gyuyngge 1: [1 VAG] 
+gyvyngge 1: [1 VAG] 
gaderand 1: [1 VAG] 
gaderyng 1: [1 VAG] 
galpyng 1: [1 VAG] 
gan 1: [1 VAG] 
gangand 2: [2 VAG] 
gangande 1: [1 VAG] 
gangende 1: [1 VAG] 
gapand 1: [1 VAG] 
gapynge 1: [1 VAG] 
gastyngge 1: [1 VAG] 
gawrinde 1: [1 VAG] 
gederen 1: [1 VAG] 
gederin 1: [1 VAG] 
gederinde 1: [1 VAG] 
genderynge 1: [1 VAG] 
getynge 2: [2 VAG] 
gladand 2: [2 VAG] 
gladeand 1: [1 VAG] 
gladyngge 1: [1 VAG] 
gleaminde 1: [1 VAG] 
glediynde 1: [1 VAG] 
gleowinde 1: [1 VAG] 
glidende 1: [1 VAG] 
glistende 1: [1 VAG] 
glistinde 3: [3 VAG] 
gllistinde 1: [1 VAG] 
glosyng 2: [2 VAG] 
glowennde 2: [2 VAG] 
glowyng 1: [1 VAG] 
gnastyng 1: [1 VAG] 
goand 3: [3 VAG] 
goenge 1: [1 VAG] 
going 2: [2 VAG] 
gouerande 1: [1 VAG] 
gouernynde 1: [1 VAG] 
gouernynge 1: [1 VAG] 
gouernyngge 1: [1 VAG] 
govynge 1: [1 VAG] 
goyn 1: [1 VAG] 
goyng 24: [24 VAG] 
goynge GOYNGE 21: [21 VAG] 
granand 1: [1 VAG] 
$graninde 1: [1 VAG] 
grauntynge 1: [1 VAG] 
gravynge 1: [1 VAG] 
grawntyng 2: [2 VAG] 
grennyng 1: [1 VAG] 
gretand 1: [1 VAG] 
gretyng 2: [2 VAG] 
gretynge 1: [1 VAG] 
greuching 1: [1 VAG] 
gronyng 2: [2 VAG] 
growynde 1: [1 VAG] 
growyng 2: [2 VAG] 
growynge 7: [7 VAG] 
gruchande 3: [3 VAG] 
gruchyng 1: [1 VAG] 
grucinde 1: [1 VAG] 
grutchyng 1: [1 VAG] 
grymmyng 1: [1 VAG] 
gryntyngge 1: [1 VAG] 
gurdyngge 1: [1 VAG] 
gyvyng 1: [1 VAG] 
/*  ~H~  */
haffande 1: [1 HAG] 
haldande 2: [1 VAG] [1 VAG22] 
halewende 1: [1 VAG] 
halewinde 4: [4 VAG] 
halowynge 1: [1 VAG] 
halsinde 1: [1 VAG] 
halsynge 1: [1 VAG] 
halwende 5: [5 VAG] 
halyng 1: [1 VAG] 
hanging 2: [2 VAG] 
hanginge 1: [1 VAG] 
hangyn 1: [1 VAG] 
hangyng 5: [5 VAG] 
hangynge 6: [6 VAG] 
hastyng 1: [1 VAG] 
hatand 3: [3 VAG] 
hatend 1: [1 VAG] 
hatiende 1: [1 VAG] 
hatynge 1: [1 VAG] 
hauand 1: [1 HAG] 
hauende 1: [1 HAG] 
hauyng 38: [38 HAG] 
hauynge 9: [9 HAG] 
hauyngge 2: [2 HAG] 
havand 4: [4 HAG] 
havinge 1: [1 HAG] 
havyng 2: [2 HAG] 
havynge 10: [10 HAG] 
he+gand 1: [1 VAG] 
heeldyng 1: [1 VAG] 
heeringe 1: [1 VAG] 
heeryng 1: [1 VAG] 
heiende 1: [1 VAG] 
heldand 1: [1 VAG] 
heldande 1: [1 VAG] 
heldyng 4: [4 VAG] 
helinge 1: [1 VAG] 
helpinde 4: [4 VAG] 
helpyng 5: [5 VAG] 
helpynge 1: [1 VAG] 
helynge 1: [1 VAG] 
herand 2: [2 VAG] 
hercnede 1: [1 VAG] 
heriand Heriand 2: [2 VAG] 
heriende 6: [6 VAG] 
herinde 1: [1 VAG] 
hering 1: [1 VAG] 
heryenge 1: [1 VAG] 
heryng 17: [17 VAG] 
herynge 4: [4 VAG] 
heryngge 1: [1 VAG] 
heryyng 1: [1 VAG] 
hlystinde 1: [1 VAG] 
holdun 1: [1 VAG] 
holdyng 4: [4 VAG] 
holdynge 6: [6 VAG] 
honggyng 1: [1 VAG] 
honginde 1: [1 VAG] 
hongyng 7: [7 VAG] 
hopand 3: [3 VAG] 
hoppyngge 1: [1 VAG] 
hopyng 5: [5 VAG] 
hovynge 2: [2 VAG] 
hungerand 2: [2 VAG] 
hurtande 1: [1 VAG] 
hweolinde 2: [2 VAG] 
hwilinde 3: [3 VAG] 
hydynge 1: [1 VAG] 
hyeng 1: [1 VAG] 
hyngande 1: [1 VAG] 
hynggyng 1: [1 VAG] 
hyryng 1: [1 VAG] 
hyrynge 1: [1 VAG] 
/*  ~I~  */
ibreinde 1: [1 VAG] 
ierniende 1: [1 VAG] 
ierninde 3: [3 VAG] 
ilefde 1: [1 VAG] 
ilefede 1: [1 VAG] 
ilestende 1: [1 VAG] 
inbrasyng 1: [1 VAG] 
incresyng 1: [1 VAG] 
incresynge 1: [1 VAG] 
inlastande 1: [1 VAG] 
inquiring 1: [1 VAG] 
inqwyryng 1: [1 VAG] 
intendand 1: [1 VAG] 
inwuniende 1: [1 VAG] 
ioiand 2: [2 VAG] 
ioyand 1: [1 VAG] 
ioyande 1: [1 VAG] 
ioyeande 1: [1 VAG] 
iugeand 1: [1 VAG] 
/*  ~J~  */
joustenynge 1: [1 VAG] 
/*  ~K~  */
kastand 1: [1 VAG] 
kenchinde 1: [1 VAG] 
kenning 1: [1 VAG] 
keoruinde 1: [1 VAG] 
kepand 4: [4 VAG] 
keping 3: [3 VAG] 
kepyng 6: [6 VAG] 
kepynge 5: [5 VAG] 
keruinde 1: [1 VAG] 
kervyng 1: [1 VAG] 
kervynge 1: [1 VAG] 
kestand 1: [1 VAG] 
kissyngge 1: [1 VAG] 
knauynge 1: [1 VAG] 
knawande 2: [2 VAG] 
knawynge 1: [1 VAG] 
kneleand 1: [1 VAG] 
knelyng 16: [16 VAG] 
knelynge 2: [2 VAG] 
knowand 1: [1 VAG] 
knowelechynge 1: [1 VAG] 
knowlachyng 1: [1 VAG] 
knowlechyng 1: [1 VAG] 
knowyng 10: [10 VAG] 
knowynge 4: [4 VAG] 
komyng 1: [1 VAG] 
konnynge 1: [1 VAG] 
krepyng 1: [1 VAG] 
kunnyng 1: [1 VAG] 
kunnynge 2: [2 VAG] 
kyissyng 1: [1 VAG] 
kyssyng 1: [1 VAG] 
/*  ~L~  */
lackyng 1: [1 VAG] 
lackynge 2: [2 VAG] 
ladand 1: [1 VAG] 
laghyng 1: [1 VAG] 
lahhinde 1: [1 VAG] 
lahinde 2: [2 VAG] 
lakkyng 1: [1 VAG] 
lakkynge 1: [1 VAG] 
langande 1: [1 VAG] 
langourande 1: [1 VAG] 
languessande 1: [1 VAG] 
langwyssande 1: [1 VAG] 
lastand 8: [8 VAG] 
lastande 5: [5 VAG] 
lastend 1: [1 VAG] 
lastynge 2: [2 VAG] 
lawand 1: [1 VAG] 
lawhyng 2: [2 VAG] 
laysshyng 1: [1 VAG] 
laysshynge 1: [1 VAG] 
leapinde 3: [2 VAG] [1 VAG22] 
leastinde 1: [1 VAG] 
ledand 1: [1 VAG] 
ledyng 5: [5 VAG] 
ledynge 4: [4 VAG] 
leesinge 1: [1 VAG] 
leeuynge 2: [2 VAG] 
lei+ginde 1: [1 VAG] 
leitinde $leitinde 6: [6 VAG] 
lenynde 1: [1 VAG] 
lenyng 3: [3 VAG] 
lerand 2: [2 VAG] 
lernyng 2: [2 VAG] 
lernynge 1: [1 VAG] 
lestende $lestende 2: [2 VAG] 
lestinde 2: [2 VAG] 
lestynde 1: [1 VAG] 
lettande 1: [1 VAG] 
lettyng 3: [3 VAG] 
lettynge 1: [1 VAG] 
leueand 1: [1 VAG] 
leuyng 18: [18 VAG] 
leuynge 2: [2 VAG] 
levynge 1: [1 VAG] 
leytyngge 1: [1 VAG] 
li+gtenand 1: [1 VAG] 
li+gtnynge 1: [1 VAG] 
libbende 3: [3 VAG] 
libbinde 2: [2 VAG] 
libbynde 1: [1 VAG] 
lifand 1: [1 VAG] 
liffande 1: [1 VAG] 
liftand Liftand 4: [4 VAG] 
lig-ynge 1: [1 VAG] 
liggand 1: [1 VAG] 
ligge 1: [1 VAG] 
liggende 1: [1 VAG] 
ligginge 1: [1 VAG] 
liggyng 3: [3 VAG] 
liggynge 4: [4 VAG] 
lihinde 1: [1 VAG] 
lihtinde 3: [3 VAG] 
lihtinte 1: [1 VAG] 
likand 1: [1 VAG] 
likeand 1: [1 VAG] 
likinde 1: [1 VAG] 
likynde 1: [1 VAG] 
likyng 4: [4 VAG] 
likynge 3: [3 VAG] 
lityng 1: [1 VAG] 
liuand 2: [2 VAG] 
liueand 6: [6 VAG] 
liuendes 1: [1 VAG] 
liui+gende 1: [1 VAG] 
liui+gendes 1: [1 VAG] 
liuiand 2: [2 VAG] 
liuiende 21: [21 VAG] 
liuiendes 2: [2 VAG] 
liuinde 2: [2 VAG] 
liyng 1: [1 VAG] 
lokinde 2: [2 VAG] 
lokkyng 1: [1 VAG] 
lokyng 6: [6 VAG] 
lokynge 1: [1 VAG] 
lokyngge 1: [1 VAG] 
longeyng 1: [1 VAG] 
longing 3: [3 VAG] 
longyng 6: [6 VAG] 
longynge 1: [1 VAG] 
louand 2: [2 VAG] 
louiynde 1: [1 VAG] 
lourinde 1: [1 VAG] 
louyng 7: [7 VAG] 
louynge 2: [2 VAG] 
louyngge 1: [1 VAG] 
lovand 2: [2 VAG] 
lovynge 1: [1 VAG] 
lowand 1: [1 VAG] 
lowtyng 1: [1 VAG] 
lowyng 1: [1 VAG] 
lufand 5: [5 VAG] 
lufande 1: [1 VAG] 
luffande 1: [1 VAG] 
lutinde 1: [1 VAG] 
luuewende 2: [2 VAG] 
luuiende 1: [1 VAG] 
lyand 1: [1 VAG] 
lyeng 5: [5 VAG] 
lyenge 2: [2 VAG] 
lyfande 3: [3 VAG] 
lyffand 1: [1 VAG] 
lyffande 2: [2 VAG] 
lyffynge 1: [1 VAG] 
lyftyng 3: [3 VAG] 
lyggyng 1: [1 VAG] 
lyggynge 3: [3 VAG] 
lying 4: [4 VAG] 
lykand 1: [1 VAG] 
lykande 4: [4 VAG] 
lykynde 2: [2 VAG] 
lykyng 1: [1 VAG] 
lykynge 1: [1 VAG] 
lyuand 1: [1 VAG] 
lyuyng 4: [4 VAG] 
lyuynge 34: [34 VAG] 
lyvand 5: [5 VAG] 
lyvyng 4: [4 VAG] 
lyvynge 23: [23 VAG] 
lyyng 4: [4 VAG] 
lyynge 1: [1 VAG] 
/*  ~M~  */
makand Makand 7: [7 VAG] 
makiinde 1: [1 VAG] 
making 1: [1 VAG] 
makying 1: [1 VAG] 
makyng 16: [16 VAG] 
makynge 9: [9 VAG] 
manassyng 1: [1 VAG] 
marchinge 1: [1 VAG] 
marchynge 1: [1 VAG] 
medlyng 1: [1 VAG] 
meltand 1: [1 VAG] 
melting 1: [1 VAG] 
$menande 1: [1 VAG] 
menende 1: [1 VAG] 
merueilynge 1: [1 VAG] 
meruelyng 1: [1 VAG] 
merueylyng 1: [1 VAG] 
merveylyng 1: [1 VAG] 
metyng 1: [1 VAG] 
metyngge 1: [1 VAG] 
mevyng 1: [1 VAG] 
mevynge 2: [2 VAG] 
meyntenyng 1: [1 VAG] 
milciende 1: [1 VAG] 
ministryng 1: [1 VAG] 
mislikyng 1: [1 VAG] 
modeland 1: [1 VAG] 
monyschyng 1: [1 VAG] 
mornyng 2: [2 VAG] 
mornynge 1: [1 VAG] 
mornyngge 1: [1 VAG] 
mournande 1: [1 VAG] 
mouyng 1: [1 VAG] 
mouynge 1: [1 VAG] 
multipliand 2: [2 VAG] 
musinge 1: [1 VAG] 
mynystryng 1: [1 VAG] 
mynystryngge 1: [1 VAG] 
mysbeleeuynge 1: [1 VAG] 
/*  ~N~  */
nei+ginge 1: [1 VAG] 
niminde 1: [1 VAG] 
noiand 2: [2 VAG] 
norissinde 1: [1 VAG] 
norissynde 1: [1 VAG] 
norshyng 1: [1 VAG] 
norysshynge 1: [1 VAG] 
noting 1: [1 VAG] 
notwythstondyng 1: [1 VAG] 
noyande 1: [1 VAG] 
nyghyng 1: [1 VAG] 
nyghynge 4: [4 VAG] 
/*  ~O~  */
obeschynge 1: [1 VAG] 
obeyng 3: [3 VAG] 
ocupying 1: [1 VAG] 
offerand 1: [1 VAG] 
offerynge 1: [1 VAG] 
offryng 1: [1 VAG] 
on+tolyinde 1: [1 VAG] 
on-+tolyinde 1: [1 VAG] 
on-todelinde 1: [1 VAG] 
onbodinde 1: [1 VAG] 
onconnynde 1: [1 VAG] 
onderuynge 1: [1 VAG] 
onknowyng 1: [1 VAG] 
onsi+gend-ne 1: [1 VAG] 
onspekynde 1: [1 VAG] 
onsweryng 1: [1 VAG] 
onzyginde 1: [1 VAG] 
openand 2: [2 VAG] 
ordande 1: [1 VAG] 
ordeynynge 1: [1 VAG] 
ouer 1: [1 VAG21] 
ouer-passande 1: [1 VAG] 
ouereorninde 1: [1 VAG] 
overthrowynge 1: [1 VAG] 
owtkastyng 1: [1 VAG] 
/*  ~P~  */
partyng 1: [1 VAG] 
passand 8: [8 VAG] 
passande 3: [3 VAG] 
passing 1: [1 VAG] 
passyng 14: [14 VAG] 
passynge 16: [16 VAG] 
passyngge 1: [1 VAG] 
payenge 1: [1 VAG] 
payng 1: [1 VAG] 
peesand 1: [1 VAG] 
perischinge 1: [1 VAG] 
perishyng 1: [1 VAG] 
persuand 1: [1 VAG] 
pertenande 1: [1 VAG] 
peruertyng 1: [1 VAG] 
peryyng 1: [1 VAG] 
pleiing 1: [1 VAG] 
pleinde 1: [1 VAG] 
plesande 1: [1 VAG] 
plesaund 1: [1 VAG] 
plesyng 3: [3 VAG] 
plesynge 3: [3 VAG] 
pleysyng 1: [1 VAG] 
pleysynge 1: [1 VAG] 
porueynde 1: [1 VAG] 
poryngge 1: [1 VAG] 
possessyng 1: [1 VAG] 
praiand 1: [1 VAG] 
praienge 1: [1 VAG] 
prayand 2: [2 VAG] 
prayande 1: [1 VAG] 
prayenge 1: [1 VAG] 
praying 5: [5 VAG] 
prayinge 1: [1 VAG] 
prayng 26: [26 VAG] 
precheand 1: [1 VAG] 
prechyng 6: [6 VAG] 
preferryng 1: [1 VAG] 
preising 1: [1 VAG] 
preisynge 1: [1 VAG] 
preiynge 1: [1 VAG] 
prekiinde 1: [1 VAG] 
presentyng 3: [3 VAG] 
presentynge 1: [1 VAG] 
preseruyng 1: [1 VAG] 
presing 1: [1 VAG] 
pretending 3: [3 VAG] 
pretendyng 1: [1 VAG] 
preuyng 3: [3 VAG] 
preuynge 1: [1 VAG] 
preyeng 1: [1 VAG] 
preying 3: [3 VAG] 
preyingge 1: [1 VAG] 
preyng 23: [23 VAG] 
preysyng 1: [1 VAG] 
preysynge 1: [1 VAG] 
prikiende 1: [1 VAG] 
prikyinde 1: [1 VAG] 
procurynge 2: [2 VAG] 
promising 1: [1 VAG] 
promittyng 1: [1 VAG] 
prophecying 1: [1 VAG] 
provyng 1: [1 VAG] 
pryckyng 1: [1 VAG] 
pullyng 1: [1 VAG] 
purchacynge 1: [1 VAG] 
purgynge 1: [1 VAG] 
purposing 9: [9 VAG] 
purposyng 11: [11 VAG] 
purposynge 2: [2 VAG] 
pursuand 5: [5 VAG] 
pursuyng 2: [2 VAG] 
purueyng 1: [1 VAG] 
puryfiyng 1: [1 VAG] 
puttande 1: [1 VAG] 
puttyng 3: [3 VAG] 
puttyngge 1: [1 VAG] 
pynand 1: [1 VAG] 
pyping 1: [1 VAG] 
/*  ~Q~  */
quakynge 1: [1 VAG] 
quakyngge 1: [1 VAG] 
que+dende 19: [19 VAG] 
que+dinde 41: [41 VAG] 
que+tende 3: [3 VAG] 
que+tinde 2: [2 VAG] 
quedinde 1: [1 VAG] 
qwakyng 2: [2 VAG] 
/*  ~R~  */
rampyng 1: [1 VAG] 
rarinde 1: [1 VAG] 
rasyng 1: [1 VAG] 
rauissand 2: [2 VAG] 
rauysching 1: [1 VAG] 
ravysand 1: [1 VAG] 
rebukynge 1: [1 VAG] 
receyvynge 2: [2 VAG] 
rechyng 1: [1 VAG] 
recommendynge 1: [1 VAG] 
redande 1: [1 VAG] 
redinge 1: [1 VAG] 
redyng 1: [1 VAG] 
redynge 2: [2 VAG] 
reformyng 1: [1 VAG] 
refreynyng 1: [1 VAG] 
regnynde 1: [1 VAG] 
regnyng 4: [4 VAG] 
regnynge 1: [1 VAG] 
rehersing 1: [1 VAG] 
rehersyng 4: [4 VAG] 
rehersyngge 1: [1 VAG] 
rekenynge 2: [2 VAG] 
reknyng 1: [1 VAG] 
remembrynge 1: [1 VAG] 
rengninge 1: [1 VAG] 
rennand 1: [1 VAG] 
rennynde 1: [1 VAG] 
rennyng 7: [7 VAG] 
rennynge 4: [4 VAG] 
rennyngge 2: [2 VAG] 
rentynge 1: [1 VAG] 
repentynge 1: [1 VAG] 
replying 1: [1 VAG] 
representyng 1: [1 VAG] 
representynge 1: [1 VAG] 
repreuyng 1: [1 VAG] 
reproceand 1: [1 VAG] 
reprouaund 1: [1 VAG] 
repruceand 1: [1 VAG] 
repruceing 1: [1 VAG] 
requirynge 1: [1 VAG] 
resceyuynge 1: [1 VAG] 
resortyng 1: [1 VAG] 
ressayvyng 1: [1 VAG] 
restand 2: [2 VAG] 
restynge 1: [1 VAG] 
resynge 1: [1 VAG] 
returnyng 1: [1 VAG] 
revande 1: [1 VAG] 
rewardyng 1: [1 VAG] 
rewsende 1: [1 VAG] 
rewsiende 1: [1 VAG] 
ridend 1: [1 VAG] 
ridinde 1: [1 VAG] 
ridyng 1: [1 VAG] 
risand 1: [1 VAG] 
risindde 1: [1 VAG] 
rising 1: [1 VAG] 
risyng 1: [1 VAG] 
riwsinde 1: [1 VAG] 
rix-ende 1: [1 VAG] 
rixende 2: [2 VAG] 
rixinde 1: [1 VAG] 
rixlende 1: [1 VAG] 
robbyng 1: [1 VAG] 
$roryng roryng 2: [2 VAG] 
rorynge 4: [4 VAG] 
rumiand 1: [1 VAG] 
rusand 1: [1 VAG] 
russhynge 1: [1 VAG] 
ruysand 1: [1 VAG] 
ryddyng 1: [1 VAG] 
rydyng 17: [17 VAG] 
rydynge 12: [12 VAG] 
rynnand 1: [1 VAG] 
rynnande 1: [1 VAG] 
rysande 1: [1 VAG] 
/*  ~S~  */
safarinde 1: [1 N+VAG] 
saiand Saiand 5: [5 VAG] 
saluynge 1: [1 VAG] 
sauaand 1: [1 VAG] 
sauyng 1: [1 VAG] 
sauynge 2: [2 VAG] 
sayand 2: [2 VAG] 
sayande 2: [2 VAG] 
sayeng 4: [4 VAG] 
sayenge 1: [1 VAG] 
saying 3: [3 VAG] 
sayinge 1: [1 VAG] 
saylyng 2: [2 VAG] 
sayng 5: [5 VAG] 
saynge 3: [3 VAG] 
sayyng 4: [4 VAG] 
sayynge 4: [4 VAG] 
scaldinde 1: [1 VAG] 
scaldynge 1: [1 VAG] 
schakinde 1: [1 VAG] 
schakyng 1: [1 VAG] 
schaldinde 1: [1 VAG] 
schand 1: [1 VAG] 
schauynge 1: [1 VAG] 
schedyng 1: [1 VAG] 
schetyng 1: [1 VAG] 
scheunchinde 1: [1 VAG] 
schewand 1: [1 VAG] 
schewande 1: [1 VAG] 
schewyng 19: [19 VAG] 
schewynge 2: [2 VAG] 
schilinde 1: [1 VAG] 
schiminde 1: [1 VAG] 
schimminde $schimminde 2: [2 VAG] 
schinide 1: [1 VAG] 
schininde 2: [2 VAG] 
schining 1: [1 VAG] 
schinyng 1: [1 VAG] 
schonyng 1: [1 VAG] 
schouyng 2: [2 VAG] 
schowyng 2: [2 VAG] 
schuderinde 1: [1 VAG] 
schynnyng 1: [1 VAG] 
schynyng 2: [2 VAG] 
schynynge 6: [6 VAG] 
schyttyng 1: [1 VAG] 
scinende 1: [1 VAG] 
sclepinde 1: [1 VAG] 
se+tinge 1: [1 VAG] 
seand 2: [2 VAG] 
seande 2: [2 VAG] 
sechand 8: [8 VAG] 
sechaund 1: [1 VAG] 
secheand 1: [1 VAG] 
sechende 3: [3 VAG] 
sechinde 3: [3 VAG] 
sechinge 1: [1 VAG] 
seeinge 1: [1 VAG] 
seggende 2: [2 VAG] 
segginde 1: [1 VAG] 
sehende 1: [1 VAG] 
seien 1: [1 VAG] 
seiende 1: [1 VAG] 
seieng 2: [2 VAG] 
seiing 3: [3 VAG] 
seing 3: [3 VAG] 
seingge 1: [1 VAG] 
seiynge 1: [1 VAG] 
sekand 1: [1 VAG] 
sekande 1: [1 VAG] 
sekyng 6: [6 VAG] 
sekynge 3: [3 VAG] 
semand 1: [1 VAG] 
semande 1: [1 VAG] 
semynge 1: [1 VAG] 
sendand 2: [2 VAG] 
sendyng 2: [2 VAG] 
sengeand 1: [1 VAG] 
servynge 2: [2 VAG] 
settand 2: [2 VAG] 
settyng 1: [1 VAG] 
sewende 1: [1 VAG] 
sewyng 6: [6 VAG] 
sewynge 3: [3 VAG] 
seyeng 1: [1 VAG] 
seyenge 9: [9 VAG] 
seying 41: [41 VAG] 
seyinge 5: [5 VAG] 
seyingge 1: [1 VAG] 
seyllynge 1: [1 VAG] 
seylyng 2: [2 VAG] 
seyng 27: [27 VAG] 
seynge 9: [9 VAG] 
seyyng 2: [2 VAG] 
seyynge 1: [1 VAG] 
sheding 1: [1 VAG] 
shewand 1: [1 VAG] 
shewyng 2: [2 VAG] 
shewynge 4: [4 VAG] 
shryuand 1: [1 VAG] 
shynyng 2: [2 VAG] 
si+g+gyngge 2: [2 VAG] 
sighynge 1: [1 VAG] 
sihinde 2: [2 VAG] 
sillynge 1: [1 VAG] 
sinbetende 1: [1 VAG] 
sinbetinde 1: [1 VAG] 
singende 1: [1 VAG] 
singinde 5: [5 VAG] 
sitande 2: [2 VAG] 
sittand Sittand 4: [4 VAG] 
sittende 3: [3 VAG] 
sittinde 3: [3 VAG] 
sitting 4: [4 VAG] 
sittinge 1: [1 VAG] 
sittyng 7: [7 VAG] 
sittynge 4: [4 VAG] 
sittyngge 2: [2 VAG] 
slapande 1: [1 VAG] 
slapinde 1: [1 VAG] 
sle+drende 1: [1 VAG] 
sleand 1: [1 VAG] 
slepand 4: [4 VAG] 
slepande 2: [2 VAG] 
slepende 2: [2 VAG] 
slepinde 2: [2 VAG] 
sleping 1: [1 VAG] 
slepyng 5: [5 VAG] 
slepynge Slepynge 13: [13 VAG] 
slydyng 1: [1 VAG] 
smakinde 1: [1 VAG] 
smellinde 1: [1 VAG] 
smellyng 2: [2 VAG] 
smellynge 3: [3 VAG] 
smirkinde 2: [2 VAG] 
smitende 1: [1 VAG] 
smityng 1: [1 VAG] 
smor+drinde 2: [2 VAG] 
smylinge 1: [1 VAG] 
smyllyngge 1: [1 VAG] 
smylyng 1: [1 VAG] 
smytand 1: [1 VAG] 
smytyng 1: [1 VAG] 
smytyngge 1: [1 VAG] 
snakerinde 1: [1 VAG] 
snobbynge 1: [1 VAG] 
sobbiende 1: [1 VAG] 
sobbyng 1: [1 VAG] 
sobbyngge 1: [1 VAG] 
sorowand 4: [4 VAG] 
sorwand 1: [1 VAG] 
sorweand 1: [1 VAG] 
sorwyng 2: [2 VAG] 
sounand 1: [1 VAG] 
sounnynge 1: [1 VAG] 
sowkyng 1: [1 VAG] 
sowndyng 1: [1 VAG] 
sownnande 1: [1 VAG] 
sparyng 3: [3 VAG] 
specende 1: [1 VAG] 
specinde 1: [1 VAG] 
spekand 5: [5 VAG] 
spekende 1: [1 VAG] 
spekinde 3: [3 VAG] 
spekinge 1: [1 VAG] 
spekyng 7: [7 VAG] 
spekynge 5: [5 VAG] 
sperclinde 1: [1 VAG] 
speryng 1: [1 VAG] 
$sprecende 1: [1 VAG] 
spredand 1: [1 VAG] 
spredyng 3: [3 VAG] 
springing 2: [2 VAG] 
springynge 2: [2 VAG] 
sprinynge 1: [1 VAG] 
spryngand 1: [1 VAG] 
spryngynge 1: [1 VAG] 
spryngynges 1: [1 VAG] 
spynnande 1: [1 VAG] 
spyttyng 4: [4 VAG] 
ssynynde 1: [1 VAG] 
stablissand 1: [1 VAG] 
standand 4: [4 VAG] 
standande 1: [1 VAG] 
standyng 3: [3 VAG] 
staryng 1: [1 VAG] 
stertynge 1: [1 VAG] 
steruinde 1: [1 VAG] 
steryng 1: [1 VAG] 
sterynge 1: [1 VAG] 
$sti+ginde sti+ginde 2: [2 VAG] 
stikinde 1: [1 VAG] 
stinkende 2: [2 VAG] 
stinkinde 19: [19 VAG] 
stinking 1: [1 VAG] 
stinkyng 1: [1 VAG] 
stinnckennde 1: [1 VAG] 
stinnkennde 1: [1 VAG] 
stiynge 2: [2 VAG] 
stodying 1: [1 VAG] 
stondand 1: [1 VAG] 
stondinde 8: [8 VAG] 
stonding 1: [1 VAG] 
stondinge 5: [5 VAG] 
stondyng 16: [16 VAG] 
stondynge 13: [13 VAG] 
stoondyng 1: [1 VAG] 
stoppand 1: [1 VAG] 
stormyng 1: [1 VAG] 
strawyng 1: [1 VAG] 
strenende 1: [1 VAG] 
strengthyng 1: [1 VAG] 
stridende 1: [1 VAG] 
strikinde 1: [1 VAG] 
stru+ginde 1: [1 VAG] 
studiyng 1: [1 VAG] 
stumbland 1: [1 VAG] 
sturinde 1: [1 VAG] 
sturunge 1: [1 VAG] 
stykynge 1: [1 VAG] 
styngynge 1: [1 VAG] 
styngyngge 1: [1 VAG] 
stynkand 3: [3 VAG] 
stynkande 3: [3 VAG] 
stynkinde 2: [2 VAG] 
stynkynde $stynkynde 13: [13 VAG] 
stynkyng 10: [10 VAG] 
stynkynge 8: [8 VAG] 
styrynge 1: [1 VAG] 
sueriingge 1: [1 VAG] 
sufferand 1: [1 VAG] 
sufferande 1: [1 VAG] 
sufferyng 4: [4 VAG] 
sufferynge 1: [1 VAG] 
suffrand 6: [6 VAG] 
suffryng 1: [1 VAG] 
suffrynge 2: [2 VAG] 
suffryngge 1: [1 VAG] 
sukand 1: [1 VAG] 
sukinde 1: [1 VAG] 
supplauntynge 1: [1 VAG] 
supportyng 1: [1 VAG] 
supposing 4: [4 VAG] 
supposyng 10: [10 VAG] 
susteynyng 1: [1 VAG] 
susteynyngge 1: [1 VAG] 
$suwynge 1: [1 VAG] 
suyng 2: [2 VAG] 
suynge 6: [6 VAG] 
sweryng 4: [4 VAG] 
swerynge 1: [1 VAG] 
swinkende 1: [1 VAG] 
swinkinde 1: [1 VAG] 
swochninde 1: [1 VAG] 
swymmyng 1: [1 VAG] 
sy+g+gyngge 1: [1 VAG] 
sygnefyenge 1: [1 VAG] 
syhyng 1: [1 VAG] 
sykyng 1: [1 VAG] 
sykyngge 1: [1 VAG] 
syngand 4: [4 VAG] 
syngyng 5: [5 VAG] 
syngynge 5: [5 VAG] 
syngyngge 2: [2 VAG] 
syttand 1: [1 VAG] 
syttyng $syttyng 18: [18 VAG] 
syttynge 5: [5 VAG] 
syttyngge 2: [2 VAG] 
/*  ~T~  */
+tankand 2: [2 VAG] 
+tankyng 1: [1 VAG] 
+tankynge 1: [1 VAG] 
+teinkinde 2: [2 VAG] 
+ten-chinde 1: [1 VAG] 
+tenchand 12: [12 VAG] 
+tenche+d 1: [1 VAG22] 
+tenchend 1: [1 VAG] 
+tenchinde 1: [1 VAG] 
+tenkinde 1: [1 VAG] 
+tenkynde 1: [1 VAG] 
+tenkyng 2: [2 VAG] 
+tenkyngge 1: [1 VAG] 
+teotinde 1: [1 VAG] 
+tinking 1: [1 VAG] 
+tonkyng 3: [3 VAG] 
+trestand 1: [1 VAG] 
+tretyng 1: [1 VAG] 
+turchwuninde 1: [1 ADV+VAG] 
+turh-wuniende 3: [3 VAG] 
+tynkand 1: [1 VAG] 
taberyng 1: [1 VAG] 
takand 2: [2 VAG] 
takande 1: [1 VAG] 
taking 1: [1 VAG] 
takyn 1: [1 VAG] 
takyng Takyng 12: [12 VAG] 
takynge 4: [4 VAG] 
talkyng 1: [1 VAG] 
tariing 1: [1 VAG] 
tariynge 1: [1 VAG] 
techand 1: [1 VAG] 
teching 1: [1 VAG] 
techyng 11: [11 VAG] 
techynge 4: [4 VAG] 
techyngge 1: [1 VAG] 
tei+dinde 1: [1 VAG] 
tei+tinde 1: [1 VAG] 
telland 1: [1 VAG] 
telling 1: [1 VAG] 
tellyng 5: [5 VAG] 
tellynge 1: [1 VAG] 
temptynge 2: [2 VAG] 
tendynge 1: [1 VAG] 
thankyng 9: [9 VAG] 
thinkinge 1: [1 VAG] 
thonkyng 1: [1 VAG] 
thonkynge 1: [1 VAG] 
thretyng 2: [2 VAG] 
thynkand 6: [6 VAG] 
thynkande 1: [1 VAG] 
thynkyng 6: [6 VAG] 
thynkynge 2: [2 VAG] 
to 12: [10 VAG21] [2 VAG] 
to-comyngge 1: [1 VAG] 
tochyng 2: [2 VAG] 
tollinde 2: [2 VAG] 
toterinde 1: [1 VAG] 
totinde 2: [2 VAG] 
touching 3: [3 VAG] 
touchinge 1: [1 VAG] 
touchyng 1: [1 VAG] 
touchynge 4: [4 VAG] 
touchyngge 1: [1 VAG] 
toumblynge 1: [1 VAG] 
towchyng 2: [2 VAG] 
trailynge 1: [1 VAG] 
translating 1: [1 VAG] 
trasyng 1: [1 VAG] 
trauelyng 2: [2 VAG] 
traueylynge 1: [1 VAG] 
traveillynge 1: [1 VAG] 
tremblyng 1: [1 VAG] 
tremelyng 1: [1 VAG] 
tremlyngge 1: [1 VAG] 
treodinde 1: [1 VAG22] 
trespassand 2: [2 VAG] 
trosting 1: [1 VAG] 
trostyng 6: [6 VAG] 
trowand 2: [2 VAG] 
trowande 2: [2 VAG] 
trowynge 1: [1 VAG] 
trubland 5: [5 VAG] 
trustyng 10: [10 VAG] 
trybuland 1: [1 VAG] 
turnand 4: [4 VAG] 
turneing 1: [1 VAG] 
turnyng 13: [13 VAG] 
turnynge 1: [1 VAG] 
tutelinde 1: [1 VAG] 
twiselende 1: [1 VAG] 
/*  ~U~  */
ulyinde 2: [2 VAG] 
unberinde 2: [2 VAG] 
understondinde 1: [1 VAG] 
uneilinde 2: [2 VAG] 
unknowynge 1: [1 VAG] 
uoluellinde 1: [1 VAG] 
uoryetinde 1: [1 VAG] 
usynge 4: [4 VAG] 
/*  ~V~  */
varyenge 1: [1 VAG] 
vironynde 1: [1 VAG] 
vnder-stondand 1: [1 VAG] 
$vnderstandand 1: [1 VAG] 
vnderstondeand 1: [1 VAG] 
vndirstondinge 1: [1 VAG] 
vndirstondyng 4: [4 VAG] 
vndurfonggyngge 1: [1 VAG] 
vnkunnynge 1: [1 VAG] 
vnwetyng 3: [3 VAG] 
vnwytinge 1: [1 VAG] 
vnwyttyng 1: [1 VAG] 
vnwytyng 1: [1 VAG] 
vnwytyngge 1: [1 VAG] 
vp-berynde 1: [1 VAG] 
vp-stei+geing 1: [1 VAG] 
vparisand 1: [1 VAG] 
vsyng 3: [3 VAG] 
vsynge 1: [1 VAG] 
/*  ~W~  */
w+andinde 1: [1 VAG] 
wagiende 2: [2 VAG] 
wailyng 1: [1 VAG] 
waimentand 1: [1 VAG] 
waissynge 1: [1 VAG] 
wakand 4: [4 VAG] 
wakande 3: [3 VAG] 
wakiende 3: [3 VAG] 
wakinde 1: [1 VAG] 
waking 1: [1 VAG] 
wakynde 1: [1 VAG] 
wakyng 5: [5 VAG] 
wakynge 2: [2 VAG] 
walkende 1: [1 VAG] 
walkinde 1: [1 VAG] 
walkinge 1: [1 VAG] 
walkyng 4: [4 VAG] 
walkynge 3: [3 VAG] 
wallende 3: [3 VAG] 
wallinde 5: [5 VAG] 
wanand 1: [1 VAG] 
wanande 1: [1 VAG] 
wandryngge 1: [1 VAG] 
wantynge 1: [1 VAG] 
warnyng 2: [2 VAG] 
waschynge 1: [1 VAG] 
wastande 3: [3 VAG] 
wastinde 1: [1 VAG] 
wastyng 1: [1 VAG] 
watyng 1: [1 VAG] 
wawyng 1: [1 VAG] 
waxand 3: [3 VAG] 
waxande 1: [1 VAG] 
waylyng 1: [1 VAG] 
waytyng 1: [1 VAG] 
waytynge 1: [1 VAG] 
wayuerindemen 1: [1 VAG+NS] 
wecchinde 1: [1 VAG] 
wedinde 1: [1 VAG] 
weepyng 1: [1 VAG] 
welcommynge 1: [1 VAG] 
welcomyng 1: [1 VAG] 
weldinde 1: [1 VAG] 
wele-likand 1: [1 ADV+VAG] 
wele-quemand 1: [1 VAG] 
welelikand 1: [1 ADV+VAG] 
weleplesand 1: [1 VAG] 
welfaryng 1: [1 ADV+VAG] 
wellinde 1: [1 VAG] 
wenande 1: [1 VAG] 
wendand 1: [1 VAG] 
wendyng 2: [2 VAG] 
wenyng Wenyng 8: [8 VAG] 
wenynge $wenynge 4: [4 VAG] 
wenyngge 1: [1 VAG] 
wepende 2: [2 VAG] 
wepinde 4: [4 VAG] 
weping 1: [1 VAG] 
wepyng 24: [24 VAG] 
wepynge 7: [7 VAG] 
wepyngge 2: [2 VAG] 
wer+ginde 1: [1 VAG] 
werchende 1: [1 VAG] 
werchinde 2: [2 VAG] 
werkyng 2: [2 VAG] 
werpinde 1: [1 VAG] 
weruende 1: [1 VAG] 
wetyng 3: [3 VAG] 
wetyngge 1: [1 VAG] 
wexand 2: [2 VAG] 
wexande 1: [1 VAG] 
wexynge 1: [1 VAG] 
weyng 1: [1 VAG] 
whakyng 1: [1 VAG] 
whilende 1: [1 VAG] 
whyrlyng 1: [1 VAG] 
whyrlyng-wynde 1: [1 VAG+N] 
wi+tdrawyng 1: [1 VAG] 
willand 1: [1 VAG] 
willyng 1: [1 VAG] 
willynge 1: [1 VAG] 
willyngge 1: [1 VAG] 
wilnyng 1: [1 VAG] 
wilynde 1: [1 VAG] 
wirchand 5: [5 VAG] 
wirchaund 1: [1 VAG] 
wircheand 1: [1 VAG] 
wirkand 2: [2 VAG] 
wirkyng 1: [1 VAG] 
wirkynge 1: [1 VAG] 
witan 1: [1 VAG] 
witende 1: [1 VAG] 
with 1: [1 VAG21] 
witholdynge 1: [1 VAG] 
witinde 1: [1 VAG] 
witnessynge 1: [1 VAG] 
wittande 1: [1 VAG] 
wittende 1: [1 VAG] 
wittyng 1: [1 VAG] 
witynge 1: [1 VAG] 
wonand 3: [3 VAG] 
wonderyng 1: [1 VAG] 
wondrinde 3: [3 VAG] 
woniand 4: [4 VAG] 
woninde 1: [1 VAG] 
wonyng 1: [1 VAG] 
worching 7: [7 VAG] 
worchyng 2: [2 VAG] 
worshipyng 1: [1 VAG] 
wowndyng 1: [1 VAG] 
wrangdoande 1: [1 N+DAG] 
wrastlyng 1: [1 VAG] 
wrekand 1: [1 VAG] 
wrestyng 1: [1 VAG] 
wringinde 1: [1 VAG] 
wryngyng 1: [1 VAG] 
wrytand 1: [1 VAG] 
wrytynge 1: [1 VAG] 
$wunende wunende 3: [3 VAG] 
wuni+gende 6: [6 VAG] 
wuniende 18: [18 VAG] 
wuniinde 1: [1 VAG] 
wurchende 1: [1 VAG] 
wurchinde 1: [1 VAG] 
wurschepynge 1: [1 VAG] 
wurschepyngge 1: [1 VAG] 
wurschippyngge 1: [1 VAG] 
wurshipynge 1: [1 VAG] 
wyllynge 1: [1 VAG] 
wyllyngge 1: [1 VAG] 
wylnyng 1: [1 VAG] 
wynynde 1: [1 VAG] 
wysschinge 1: [1 VAG] 
wythdrawyng 1: [1 VAG] 
wytnessyng 2: [2 VAG] 
wytnessynge 1: [1 VAG] 
wytyng 2: [2 VAG] 
wytynge 1: [1 VAG] 
/*  ~X~  */
/*  ~Y~  */
yeldynge 1: [1 VAG] 
yeuyng 1: [1 VAG] 
yevynge 1: [1 VAG] 
yheldand 1: [1 VAG] 
ymaginynge 1: [1 VAG] 
/*  ~Z~  */
zittinde 2: [2 VAG] 
zittynde 2: [2 VAG] 
zyinde 1: [1 VAG] 
/*  ~OTHER~  */

/*
SUMMARY:  
source files, hits/tokens/total
  cmaelr3-m23.psd	143/112/1049
  cmaelr4-m4.psd	100/72/768
  cmancriw-1-m1.psd	118/101/3558
  cmancriw-2-m1.psd	23/19/1163
  cmastro-m3.psd	24/23/404
  cmayenbi-m2.psd	99/86/2755
  cmbenrul-m3.psd	21/18/1454
  cmboeth-m3.psd	24/22/564
  cmbrut3-m3.psd	59/55/4117
  cmcapchr-m4.psd	126/116/4176
  cmcapser-m4.psd	5/3/91
  cmcloud-m3.psd	90/65/814
  cmctmeli-m3.psd	36/33/861
  cmctpars-m3.psd	45/41/1667
  cmearlps-m2.psd	335/299/7869
  cmedmund-m4.psd	5/5/299
  cmedthor-m34.psd	24/19/792
  cmedvern-m3.psd	13/10/930
  cmequato-m3.psd	13/12/341
  cmfitzja-m4.psd	38/30/225
  cmgaytry-m34.psd	5/4/199
  cmgregor-m4.psd	176/144/2632
  cmhali-m1.psd		13/11/501
  cmhilton-m34.psd	17/14/215
  cmhorses-m3.psd	10/10/420
  cminnoce-m4.psd	36/27/209
  cmjulia-m1.psd	24/22/566
  cmjulnor-m34.psd	28/24/336
  cmkathe-m1.psd	42/35/538
  cmkempe-m4.psd	551/418/3835
  cmkentho-m1.psd	3/3/298
  cmkentse-m2.psd	1/1/226
  cmlamb1-m1.psd	10/9/522
  cmlambx1-mx1.psd	45/39/1407
  cmmalory-m4.psd	148/130/4971
  cmmandev-m3.psd	119/111/3316
  cmmarga-m1.psd	38/34/627
  cmmirk-m34.psd	297/244/3685
  cmntest-m3.psd	71/65/1149
  cmorm-m1.psd		11/11/2637
  cmotest-m3.psd	63/49/809
  cmpeterb-m1.psd	5/5/647
  cmpolych-m3.psd	42/38/3799
  cmpurvey-m3.psd	82/60/2359
  cmreynar-m4.psd	22/22/739
  cmreynes-m4.psd	54/43/681
  cmrollep-m24.psd	153/92/985
  cmrolltr-m24.psd	85/66/950
  cmroyal-m34.psd	33/25/398
  cmsawles-m1.psd	11/11/272
  cmsiege-m4.psd	14/13/731
  cmthorn-mx4.psd	3/3/642
  cmtrinit-mx1.psd	126/119/3065
  cmvices1-m1.psd	78/68/1873
  cmvices4-m34.psd	7/7/363
  cmwycser-m3.psd	143/126/3905
whole search, hits/tokens/total
		3907/3244/84404
*/
